2025-06-01 22:13:00 [Swigato Log]: Initializing database tables...
2025-06-01 22:13:00 [Swigato Log]: Database connection established to g:\swigato_project\data\swigato.db
2025-06-01 22:13:00 [Swigato Log]: Users table initialized.
2025-06-01 22:13:00 [Swigato Log]: Database connection established to g:\swigato_project\data\swigato.db
2025-06-01 22:13:00 [Swigato Log]: Restaurants table initialized.
2025-06-01 22:13:00 [Swigato Log]: Database connection established to g:\swigato_project\data\swigato.db
2025-06-01 22:13:00 [Swigato Log]: Menu items table initialized.
2025-06-01 22:13:00 [Swigato Log]: Database connection established to g:\swigato_project\data\swigato.db
2025-06-01 22:13:00 [Swigato Log]: Reviews table initialized.
2025-06-01 22:13:00 [Swigato Log]: Database connection established to g:\swigato_project\data\swigato.db
2025-06-01 22:13:00 [Swigato Log]: Orders table initialized.
2025-06-01 22:13:00 [Swigato Log]: Database connection established to g:\swigato_project\data\swigato.db
2025-06-01 22:13:00 [Swigato Log]: Order items table initialized.
2025-06-01 22:13:00 [Swigato Log]: Database initialization complete.
2025-06-01 22:13:00 [Swigato Log]: Database connection established to g:\swigato_project\data\swigato.db
2025-06-01 22:13:00 [Swigato Log]: Database connection established to g:\swigato_project\data\swigato.db
2025-06-01 22:13:00 [Swigato Log]: User 'admin' created with ID 1, Admin status: True.
2025-06-01 22:13:00 [Swigato Log]: Database connection established to g:\swigato_project\data\swigato.db
2025-06-01 22:13:00 [Swigato Log]: Default admin user 'admin' created successfully.
2025-06-01 22:13:00 [Swigato Log]: Attempting to populate sample restaurant data...
2025-06-01 22:13:00 [Swigato Log]: Database connection established to g:\swigato_project\data\swigato.db
2025-06-01 22:13:00 [Swigato Log]: Adding restaurant: Paradise Biryani with image restaurent_a.jpeg
2025-06-01 22:13:00 [Swigato Log]: Database connection established to g:\swigato_project\data\swigato.db
2025-06-01 22:13:00 [Swigato Log]: Restaurant 'Paradise Biryani' created with ID 1, image: restaurent_a.jpeg.
2025-06-01 22:13:00 [Swigato Log]: Database connection established to g:\swigato_project\data\swigato.db
2025-06-01 22:13:00 [Swigato Log]: Adding menu item 'Hyderabadi Chicken Biryani' to restaurant ID 1
2025-06-01 22:13:00 [Swigato Log]: Database connection established to g:\swigato_project\data\swigato.db
2025-06-01 22:13:00 [Swigato Log]: MenuItem 'Hyderabadi Chicken Biryani' created with ID 1, image: menu_1.jpeg.
2025-06-01 22:13:00 [Swigato Log]: Database connection established to g:\swigato_project\data\swigato.db
2025-06-01 22:13:00 [Swigato Log]: Adding menu item 'Mutton Biryani' to restaurant ID 1
2025-06-01 22:13:00 [Swigato Log]: Database connection established to g:\swigato_project\data\swigato.db
2025-06-01 22:13:00 [Swigato Log]: MenuItem 'Mutton Biryani' created with ID 2, image: menu_2.jpeg.
2025-06-01 22:13:00 [Swigato Log]: Database connection established to g:\swigato_project\data\swigato.db
2025-06-01 22:13:00 [Swigato Log]: Adding menu item 'Veg Biryani' to restaurant ID 1
2025-06-01 22:13:00 [Swigato Log]: Database connection established to g:\swigato_project\data\swigato.db
2025-06-01 22:13:00 [Swigato Log]: MenuItem 'Veg Biryani' created with ID 3, image: menu_3.jpeg.
2025-06-01 22:13:00 [Swigato Log]: Database connection established to g:\swigato_project\data\swigato.db
2025-06-01 22:13:00 [Swigato Log]: Adding menu item 'Masala Chai' to restaurant ID 1
2025-06-01 22:13:00 [Swigato Log]: Database connection established to g:\swigato_project\data\swigato.db
2025-06-01 22:13:00 [Swigato Log]: MenuItem 'Masala Chai' created with ID 4, image: menu_default.jpg.
2025-06-01 22:13:00 [Swigato Log]: Database connection established to g:\swigato_project\data\swigato.db
2025-06-01 22:13:00 [Swigato Log]: Adding menu item 'Lassi (Sweet)' to restaurant ID 1
2025-06-01 22:13:00 [Swigato Log]: Database connection established to g:\swigato_project\data\swigato.db
2025-06-01 22:13:00 [Swigato Log]: MenuItem 'Lassi (Sweet)' created with ID 5, image: menu_default.jpg.
2025-06-01 22:13:00 [Swigato Log]: Database connection established to g:\swigato_project\data\swigato.db
2025-06-01 22:13:00 [Swigato Log]: Adding menu item 'Qubani ka Meetha' to restaurant ID 1
2025-06-01 22:13:00 [Swigato Log]: Database connection established to g:\swigato_project\data\swigato.db
2025-06-01 22:13:00 [Swigato Log]: MenuItem 'Qubani ka Meetha' created with ID 6, image: menu_default.jpg.
2025-06-01 22:13:00 [Swigato Log]: Database connection established to g:\swigato_project\data\swigato.db
2025-06-01 22:13:00 [Swigato Log]: Adding restaurant: Cafe Coffee Day with image restaurent_b.jpeg
2025-06-01 22:13:00 [Swigato Log]: Database connection established to g:\swigato_project\data\swigato.db
2025-06-01 22:13:00 [Swigato Log]: Restaurant 'Cafe Coffee Day' created with ID 2, image: restaurent_b.jpeg.
2025-06-01 22:13:00 [Swigato Log]: Database connection established to g:\swigato_project\data\swigato.db
2025-06-01 22:13:00 [Swigato Log]: Adding menu item 'Cold Coffee' to restaurant ID 2
2025-06-01 22:13:00 [Swigato Log]: Database connection established to g:\swigato_project\data\swigato.db
2025-06-01 22:13:00 [Swigato Log]: MenuItem 'Cold Coffee' created with ID 7, image: menu_4.jpeg.
2025-06-01 22:13:00 [Swigato Log]: Database connection established to g:\swigato_project\data\swigato.db
2025-06-01 22:13:00 [Swigato Log]: Adding menu item 'Cappuccino' to restaurant ID 2
2025-06-01 22:13:00 [Swigato Log]: Database connection established to g:\swigato_project\data\swigato.db
2025-06-01 22:13:00 [Swigato Log]: MenuItem 'Cappuccino' created with ID 8, image: menu_5.jpeg.
2025-06-01 22:13:00 [Swigato Log]: Database connection established to g:\swigato_project\data\swigato.db
2025-06-01 22:13:00 [Swigato Log]: Adding menu item 'Cafe Latte' to restaurant ID 2
2025-06-01 22:13:00 [Swigato Log]: Database connection established to g:\swigato_project\data\swigato.db
2025-06-01 22:13:00 [Swigato Log]: MenuItem 'Cafe Latte' created with ID 9, image: menu_default.jpg.
2025-06-01 22:13:00 [Swigato Log]: Database connection established to g:\swigato_project\data\swigato.db
2025-06-01 22:13:00 [Swigato Log]: Adding menu item 'Chocolate Brownie' to restaurant ID 2
2025-06-01 22:13:00 [Swigato Log]: Database connection established to g:\swigato_project\data\swigato.db
2025-06-01 22:13:00 [Swigato Log]: MenuItem 'Chocolate Brownie' created with ID 10, image: menu_default.jpg.
2025-06-01 22:13:00 [Swigato Log]: Database connection established to g:\swigato_project\data\swigato.db
2025-06-01 22:13:00 [Swigato Log]: Adding restaurant: Punjabi Tadka with image restaurent_c.jpeg
2025-06-01 22:13:00 [Swigato Log]: Database connection established to g:\swigato_project\data\swigato.db
2025-06-01 22:13:00 [Swigato Log]: Restaurant 'Punjabi Tadka' created with ID 3, image: restaurent_c.jpeg.
2025-06-01 22:13:00 [Swigato Log]: Database connection established to g:\swigato_project\data\swigato.db
2025-06-01 22:13:00 [Swigato Log]: Adding menu item 'Butter Chicken' to restaurant ID 3
2025-06-01 22:13:00 [Swigato Log]: Database connection established to g:\swigato_project\data\swigato.db
2025-06-01 22:13:00 [Swigato Log]: MenuItem 'Butter Chicken' created with ID 11, image: menu_default.jpg.
2025-06-01 22:13:00 [Swigato Log]: Database connection established to g:\swigato_project\data\swigato.db
2025-06-01 22:13:00 [Swigato Log]: Adding menu item 'Dal Makhani' to restaurant ID 3
2025-06-01 22:13:00 [Swigato Log]: Database connection established to g:\swigato_project\data\swigato.db
2025-06-01 22:13:00 [Swigato Log]: MenuItem 'Dal Makhani' created with ID 12, image: menu_default.jpg.
2025-06-01 22:13:00 [Swigato Log]: Database connection established to g:\swigato_project\data\swigato.db
2025-06-01 22:13:00 [Swigato Log]: Adding menu item 'Paneer Tikka Masala' to restaurant ID 3
2025-06-01 22:13:00 [Swigato Log]: Database connection established to g:\swigato_project\data\swigato.db
2025-06-01 22:13:00 [Swigato Log]: MenuItem 'Paneer Tikka Masala' created with ID 13, image: menu_default.jpg.
2025-06-01 22:13:00 [Swigato Log]: Database connection established to g:\swigato_project\data\swigato.db
2025-06-01 22:13:00 [Swigato Log]: Adding menu item 'Gulab Jamun' to restaurant ID 3
2025-06-01 22:13:00 [Swigato Log]: Database connection established to g:\swigato_project\data\swigato.db
2025-06-01 22:13:00 [Swigato Log]: MenuItem 'Gulab Jamun' created with ID 14, image: menu_default.jpg.
2025-06-01 22:13:00 [Swigato Log]: Database connection established to g:\swigato_project\data\swigato.db
2025-06-01 22:13:00 [Swigato Log]: Adding menu item 'Sweet Lassi' to restaurant ID 3
2025-06-01 22:13:00 [Swigato Log]: Database connection established to g:\swigato_project\data\swigato.db
2025-06-01 22:13:00 [Swigato Log]: MenuItem 'Sweet Lassi' created with ID 15, image: menu_default.jpg.
2025-06-01 22:13:00 [Swigato Log]: Database connection established to g:\swigato_project\data\swigato.db
2025-06-01 22:13:00 [Swigato Log]: Adding restaurant: The Great Hall Baluchi with image baluchi-the-great-hall.jpg
2025-06-01 22:13:00 [Swigato Log]: Database connection established to g:\swigato_project\data\swigato.db
2025-06-01 22:13:00 [Swigato Log]: Restaurant 'The Great Hall Baluchi' created with ID 4, image: baluchi-the-great-hall.jpg.
2025-06-01 22:13:00 [Swigato Log]: Database connection established to g:\swigato_project\data\swigato.db
2025-06-01 22:13:00 [Swigato Log]: Adding menu item 'Dal Baluchi' to restaurant ID 4
2025-06-01 22:13:00 [Swigato Log]: Database connection established to g:\swigato_project\data\swigato.db
2025-06-01 22:13:00 [Swigato Log]: MenuItem 'Dal Baluchi' created with ID 16, image: menu_default.jpg.
2025-06-01 22:13:00 [Swigato Log]: Database connection established to g:\swigato_project\data\swigato.db
2025-06-01 22:13:00 [Swigato Log]: Adding menu item 'Subz Biryani' to restaurant ID 4
2025-06-01 22:13:00 [Swigato Log]: Database connection established to g:\swigato_project\data\swigato.db
2025-06-01 22:13:00 [Swigato Log]: MenuItem 'Subz Biryani' created with ID 17, image: menu_default.jpg.
2025-06-01 22:13:00 [Swigato Log]: Database connection established to g:\swigato_project\data\swigato.db
2025-06-01 22:13:00 [Swigato Log]: Adding restaurant: Badkul Restaurant with image badkul.jpeg
2025-06-01 22:13:00 [Swigato Log]: Database connection established to g:\swigato_project\data\swigato.db
2025-06-01 22:13:00 [Swigato Log]: Restaurant 'Badkul Restaurant' created with ID 5, image: badkul.jpeg.
2025-06-01 22:13:00 [Swigato Log]: Database connection established to g:\swigato_project\data\swigato.db
2025-06-01 22:13:00 [Swigato Log]: Adding menu item 'Special Thali' to restaurant ID 5
2025-06-01 22:13:00 [Swigato Log]: Database connection established to g:\swigato_project\data\swigato.db
2025-06-01 22:13:00 [Swigato Log]: MenuItem 'Special Thali' created with ID 18, image: menu_default.jpg.
2025-06-01 22:13:00 [Swigato Log]: Database connection established to g:\swigato_project\data\swigato.db
2025-06-01 22:13:00 [Swigato Log]: Adding menu item 'Chilli Paneer' to restaurant ID 5
2025-06-01 22:13:00 [Swigato Log]: Database connection established to g:\swigato_project\data\swigato.db
2025-06-01 22:13:00 [Swigato Log]: MenuItem 'Chilli Paneer' created with ID 19, image: menu_default.jpg.
2025-06-01 22:13:00 [Swigato Log]: Database connection established to g:\swigato_project\data\swigato.db
2025-06-01 22:13:00 [Swigato Log]: Sample restaurant data population check complete.
2025-06-01 22:13:42 [Swigato Log]: Database connection established to g:\swigato_project\data\swigato.db
2025-06-01 22:13:42 [Swigato Log]: Database connection established to g:\swigato_project\data\swigato.db
2025-06-01 22:13:42 [Swigato Log]: User 'AMARTYA' created with ID 2, Admin status: False.
2025-06-01 22:13:42 [Swigato Log]: Database connection established to g:\swigato_project\data\swigato.db
2025-06-01 22:13:42 [Swigato Log]: User 'AMARTYA' (ID: 2) created and logged in successfully.
2025-06-01 22:13:51 [Swigato Log]: Database connection established to g:\swigato_project\data\swigato.db
2025-06-01 22:13:51 [Swigato Log]: User 'AMARTYA' (ID: 2) logged in successfully.
2025-06-01 22:13:51 [Swigato Log]: Database connection established to g:\swigato_project\data\swigato.db
2025-06-01 22:13:51 [Swigato Log]: Database connection established to g:\swigato_project\data\swigato.db
2025-06-01 22:13:51 [Swigato Log]: Database connection established to g:\swigato_project\data\swigato.db
2025-06-01 22:13:51 [Swigato Log]: Database connection established to g:\swigato_project\data\swigato.db
2025-06-01 22:13:51 [Swigato Log]: Database connection established to g:\swigato_project\data\swigato.db
2025-06-01 22:13:51 [Swigato Log]: Database connection established to g:\swigato_project\data\swigato.db
2025-06-01 22:13:54 [Swigato Log]: MenuScreen.load_menu_items called for restaurant: Punjabi Tadka
2025-06-01 22:13:54 [Swigato Log]: Accessing menu for restaurant: Punjabi Tadka (ID: 3)
2025-06-01 22:13:54 [Swigato Log]: MenuItem.get_for_restaurant called for restaurant_id: 3
2025-06-01 22:13:54 [Swigato Log]: Database connection established to g:\swigato_project\data\swigato.db
2025-06-01 22:13:54 [Swigato Log]: Found 5 menu items for restaurant_id: 3
2025-06-01 22:13:54 [Swigato Log]: Restaurant.menu property for 'Punjabi Tadka' returning 5 items.
2025-06-01 22:13:54 [Swigato Log]: Retrieved 5 items from restaurant.menu for 'Punjabi Tadka'
2025-06-01 22:13:58 [Swigato Log]: Added 1 of Gulab Jamun to cart.
2025-06-01 22:13:59 [Swigato Log]: Added 1 of Sweet Lassi to cart.
2025-06-01 22:14:06 [Swigato Log]: Database connection established to g:\swigato_project\data\swigato.db
2025-06-01 22:14:06 [Swigato Log]: Database connection established to g:\swigato_project\data\swigato.db
2025-06-01 22:14:06 [Swigato Log]: Database connection established to g:\swigato_project\data\swigato.db
2025-06-01 22:14:06 [Swigato Log]: Database connection established to g:\swigato_project\data\swigato.db
2025-06-01 22:14:06 [Swigato Log]: Database connection established to g:\swigato_project\data\swigato.db
2025-06-01 22:14:06 [Swigato Log]: Database connection established to g:\swigato_project\data\swigato.db
2025-06-01 22:23:16 [Swigato Log]: Initializing database tables...
2025-06-01 22:23:16 [Swigato Log]: Database connection established to g:\swigato_project\data\swigato.db
2025-06-01 22:23:16 [Swigato Log]: Users table initialized.
2025-06-01 22:23:16 [Swigato Log]: Database connection established to g:\swigato_project\data\swigato.db
2025-06-01 22:23:16 [Swigato Log]: Restaurants table initialized.
2025-06-01 22:23:16 [Swigato Log]: Database connection established to g:\swigato_project\data\swigato.db
2025-06-01 22:23:16 [Swigato Log]: Menu items table initialized.
2025-06-01 22:23:16 [Swigato Log]: Database connection established to g:\swigato_project\data\swigato.db
2025-06-01 22:23:16 [Swigato Log]: Reviews table initialized.
2025-06-01 22:23:16 [Swigato Log]: Database connection established to g:\swigato_project\data\swigato.db
2025-06-01 22:23:16 [Swigato Log]: Orders table initialized.
2025-06-01 22:23:16 [Swigato Log]: Database connection established to g:\swigato_project\data\swigato.db
2025-06-01 22:23:16 [Swigato Log]: Order items table initialized.
2025-06-01 22:23:16 [Swigato Log]: Database initialization complete.
2025-06-01 22:23:16 [Swigato Log]: Database connection established to g:\swigato_project\data\swigato.db
2025-06-01 22:23:16 [Swigato Log]: Admin user already exists. Skipping default admin creation.
2025-06-01 22:23:16 [Swigato Log]: Attempting to populate sample restaurant data...
2025-06-01 22:23:16 [Swigato Log]: Database connection established to g:\swigato_project\data\swigato.db
2025-06-01 22:23:16 [Swigato Log]: Restaurant 'Paradise Biryani' already exists. Checking/adding its menu items.
2025-06-01 22:23:16 [Swigato Log]: Menu item 'Hyderabadi Chicken Biryani' already exists for restaurant ID 1. Skipping.
2025-06-01 22:23:16 [Swigato Log]: Menu item 'Mutton Biryani' already exists for restaurant ID 1. Skipping.
2025-06-01 22:23:16 [Swigato Log]: Menu item 'Veg Biryani' already exists for restaurant ID 1. Skipping.
2025-06-01 22:23:16 [Swigato Log]: Menu item 'Masala Chai' already exists for restaurant ID 1. Skipping.
2025-06-01 22:23:16 [Swigato Log]: Menu item 'Lassi (Sweet)' already exists for restaurant ID 1. Skipping.
2025-06-01 22:23:16 [Swigato Log]: Menu item 'Qubani ka Meetha' already exists for restaurant ID 1. Skipping.
2025-06-01 22:23:16 [Swigato Log]: Restaurant 'Cafe Coffee Day' already exists. Checking/adding its menu items.
2025-06-01 22:23:16 [Swigato Log]: Menu item 'Cold Coffee' already exists for restaurant ID 2. Skipping.
2025-06-01 22:23:16 [Swigato Log]: Menu item 'Cappuccino' already exists for restaurant ID 2. Skipping.
2025-06-01 22:23:16 [Swigato Log]: Menu item 'Cafe Latte' already exists for restaurant ID 2. Skipping.
2025-06-01 22:23:16 [Swigato Log]: Menu item 'Chocolate Brownie' already exists for restaurant ID 2. Skipping.
2025-06-01 22:23:16 [Swigato Log]: Restaurant 'Punjabi Tadka' already exists. Checking/adding its menu items.
2025-06-01 22:23:16 [Swigato Log]: Menu item 'Butter Chicken' already exists for restaurant ID 3. Skipping.
2025-06-01 22:23:16 [Swigato Log]: Menu item 'Dal Makhani' already exists for restaurant ID 3. Skipping.
2025-06-01 22:23:16 [Swigato Log]: Menu item 'Paneer Tikka Masala' already exists for restaurant ID 3. Skipping.
2025-06-01 22:23:16 [Swigato Log]: Menu item 'Gulab Jamun' already exists for restaurant ID 3. Skipping.
2025-06-01 22:23:16 [Swigato Log]: Menu item 'Sweet Lassi' already exists for restaurant ID 3. Skipping.
2025-06-01 22:23:16 [Swigato Log]: Restaurant 'The Great Hall Baluchi' already exists. Checking/adding its menu items.
2025-06-01 22:23:16 [Swigato Log]: Menu item 'Dal Baluchi' already exists for restaurant ID 4. Skipping.
2025-06-01 22:23:16 [Swigato Log]: Menu item 'Subz Biryani' already exists for restaurant ID 4. Skipping.
2025-06-01 22:23:16 [Swigato Log]: Restaurant 'Badkul Restaurant' already exists. Checking/adding its menu items.
2025-06-01 22:23:16 [Swigato Log]: Menu item 'Special Thali' already exists for restaurant ID 5. Skipping.
2025-06-01 22:23:16 [Swigato Log]: Menu item 'Chilli Paneer' already exists for restaurant ID 5. Skipping.
2025-06-01 22:23:16 [Swigato Log]: Sample restaurant data population check complete.
2025-06-01 22:23:34 [Swigato Log]: Database connection established to g:\swigato_project\data\swigato.db
2025-06-01 22:23:35 [Swigato Log]: User 'AMARTYA' (ID: 2) logged in successfully.
2025-06-01 22:23:35 [Swigato Log]: Database connection established to g:\swigato_project\data\swigato.db
2025-06-01 22:23:35 [Swigato Log]: Database connection established to g:\swigato_project\data\swigato.db
2025-06-01 22:23:35 [Swigato Log]: Database connection established to g:\swigato_project\data\swigato.db
2025-06-01 22:23:35 [Swigato Log]: Database connection established to g:\swigato_project\data\swigato.db
2025-06-01 22:23:35 [Swigato Log]: Database connection established to g:\swigato_project\data\swigato.db
2025-06-01 22:23:35 [Swigato Log]: Database connection established to g:\swigato_project\data\swigato.db
2025-06-01 22:23:38 [Swigato Log]: MenuScreen.load_menu_items called for restaurant: Badkul Restaurant
2025-06-01 22:23:38 [Swigato Log]: Accessing menu for restaurant: Badkul Restaurant (ID: 5)
2025-06-01 22:23:38 [Swigato Log]: MenuItem.get_for_restaurant called for restaurant_id: 5
2025-06-01 22:23:38 [Swigato Log]: Database connection established to g:\swigato_project\data\swigato.db
2025-06-01 22:23:38 [Swigato Log]: Found 2 menu items for restaurant_id: 5
2025-06-01 22:23:38 [Swigato Log]: Restaurant.menu property for 'Badkul Restaurant' returning 2 items.
2025-06-01 22:23:38 [Swigato Log]: Retrieved 2 items from restaurant.menu for 'Badkul Restaurant'
2025-06-01 22:51:36 [Swigato Log]: Initializing database tables...
2025-06-01 22:51:36 [Swigato Log]: Database connection established to g:\swigato_project\data\swigato.db
2025-06-01 22:51:36 [Swigato Log]: Users table initialized.
2025-06-01 22:51:36 [Swigato Log]: Database connection established to g:\swigato_project\data\swigato.db
2025-06-01 22:51:36 [Swigato Log]: Restaurants table initialized.
2025-06-01 22:51:36 [Swigato Log]: Database connection established to g:\swigato_project\data\swigato.db
2025-06-01 22:51:36 [Swigato Log]: Menu items table initialized.
2025-06-01 22:51:36 [Swigato Log]: Database connection established to g:\swigato_project\data\swigato.db
2025-06-01 22:51:36 [Swigato Log]: Reviews table initialized.
2025-06-01 22:51:36 [Swigato Log]: Database connection established to g:\swigato_project\data\swigato.db
2025-06-01 22:51:36 [Swigato Log]: Orders table initialized.
2025-06-01 22:51:36 [Swigato Log]: Database connection established to g:\swigato_project\data\swigato.db
2025-06-01 22:51:36 [Swigato Log]: Order items table initialized.
2025-06-01 22:51:36 [Swigato Log]: Database initialization complete.
2025-06-01 22:51:36 [Swigato Log]: Database connection established to g:\swigato_project\data\swigato.db
2025-06-01 22:51:36 [Swigato Log]: Admin user already exists. Skipping default admin creation.
2025-06-01 22:51:36 [Swigato Log]: Attempting to populate sample restaurant data...
2025-06-01 22:51:36 [Swigato Log]: Database connection established to g:\swigato_project\data\swigato.db
2025-06-01 22:51:36 [Swigato Log]: Restaurant 'Paradise Biryani' already exists. Checking/adding its menu items.
2025-06-01 22:51:36 [Swigato Log]: Menu item 'Hyderabadi Chicken Biryani' already exists for restaurant ID 1. Skipping.
2025-06-01 22:51:36 [Swigato Log]: Menu item 'Mutton Biryani' already exists for restaurant ID 1. Skipping.
2025-06-01 22:51:36 [Swigato Log]: Menu item 'Veg Biryani' already exists for restaurant ID 1. Skipping.
2025-06-01 22:51:36 [Swigato Log]: Menu item 'Masala Chai' already exists for restaurant ID 1. Skipping.
2025-06-01 22:51:36 [Swigato Log]: Menu item 'Lassi (Sweet)' already exists for restaurant ID 1. Skipping.
2025-06-01 22:51:36 [Swigato Log]: Menu item 'Qubani ka Meetha' already exists for restaurant ID 1. Skipping.
2025-06-01 22:51:36 [Swigato Log]: Restaurant 'Cafe Coffee Day' already exists. Checking/adding its menu items.
2025-06-01 22:51:36 [Swigato Log]: Menu item 'Cold Coffee' already exists for restaurant ID 2. Skipping.
2025-06-01 22:51:36 [Swigato Log]: Menu item 'Cappuccino' already exists for restaurant ID 2. Skipping.
2025-06-01 22:51:36 [Swigato Log]: Menu item 'Cafe Latte' already exists for restaurant ID 2. Skipping.
2025-06-01 22:51:36 [Swigato Log]: Menu item 'Chocolate Brownie' already exists for restaurant ID 2. Skipping.
2025-06-01 22:51:36 [Swigato Log]: Restaurant 'Punjabi Tadka' already exists. Checking/adding its menu items.
2025-06-01 22:51:36 [Swigato Log]: Menu item 'Butter Chicken' already exists for restaurant ID 3. Skipping.
2025-06-01 22:51:36 [Swigato Log]: Menu item 'Dal Makhani' already exists for restaurant ID 3. Skipping.
2025-06-01 22:51:36 [Swigato Log]: Menu item 'Paneer Tikka Masala' already exists for restaurant ID 3. Skipping.
2025-06-01 22:51:36 [Swigato Log]: Menu item 'Gulab Jamun' already exists for restaurant ID 3. Skipping.
2025-06-01 22:51:36 [Swigato Log]: Menu item 'Sweet Lassi' already exists for restaurant ID 3. Skipping.
2025-06-01 22:51:36 [Swigato Log]: Restaurant 'The Great Hall Baluchi' already exists. Checking/adding its menu items.
2025-06-01 22:51:36 [Swigato Log]: Menu item 'Dal Baluchi' already exists for restaurant ID 4. Skipping.
2025-06-01 22:51:36 [Swigato Log]: Menu item 'Subz Biryani' already exists for restaurant ID 4. Skipping.
2025-06-01 22:51:36 [Swigato Log]: Restaurant 'Badkul Restaurant' already exists. Checking/adding its menu items.
2025-06-01 22:51:36 [Swigato Log]: Menu item 'Special Thali' already exists for restaurant ID 5. Skipping.
2025-06-01 22:51:36 [Swigato Log]: Menu item 'Chilli Paneer' already exists for restaurant ID 5. Skipping.
2025-06-01 22:51:36 [Swigato Log]: Sample restaurant data population check complete.
2025-06-01 22:51:44 [Swigato Log]: Database connection established to g:\swigato_project\data\swigato.db
2025-06-01 22:51:44 [Swigato Log]: User 'AMARTYA' (ID: 2) logged in successfully.
2025-06-01 22:52:40 [Swigato Log]: Initializing database tables...
2025-06-01 22:52:40 [Swigato Log]: Database connection established to g:\swigato_project\data\swigato.db
2025-06-01 22:52:40 [Swigato Log]: Users table initialized.
2025-06-01 22:52:40 [Swigato Log]: Database connection established to g:\swigato_project\data\swigato.db
2025-06-01 22:52:40 [Swigato Log]: Restaurants table initialized.
2025-06-01 22:52:40 [Swigato Log]: Database connection established to g:\swigato_project\data\swigato.db
2025-06-01 22:52:40 [Swigato Log]: Menu items table initialized.
2025-06-01 22:52:40 [Swigato Log]: Database connection established to g:\swigato_project\data\swigato.db
2025-06-01 22:52:40 [Swigato Log]: Reviews table initialized.
2025-06-01 22:52:40 [Swigato Log]: Database connection established to g:\swigato_project\data\swigato.db
2025-06-01 22:52:40 [Swigato Log]: Orders table initialized.
2025-06-01 22:52:40 [Swigato Log]: Database connection established to g:\swigato_project\data\swigato.db
2025-06-01 22:52:40 [Swigato Log]: Order items table initialized.
2025-06-01 22:52:40 [Swigato Log]: Database initialization complete.
2025-06-01 22:52:40 [Swigato Log]: Database connection established to g:\swigato_project\data\swigato.db
2025-06-01 22:52:40 [Swigato Log]: Admin user already exists. Skipping default admin creation.
2025-06-01 22:52:40 [Swigato Log]: Attempting to populate sample restaurant data...
2025-06-01 22:52:40 [Swigato Log]: Database connection established to g:\swigato_project\data\swigato.db
2025-06-01 22:52:40 [Swigato Log]: Restaurant 'Paradise Biryani' already exists. Checking/adding its menu items.
2025-06-01 22:52:40 [Swigato Log]: Menu item 'Hyderabadi Chicken Biryani' already exists for restaurant ID 1. Skipping.
2025-06-01 22:52:40 [Swigato Log]: Menu item 'Mutton Biryani' already exists for restaurant ID 1. Skipping.
2025-06-01 22:52:40 [Swigato Log]: Menu item 'Veg Biryani' already exists for restaurant ID 1. Skipping.
2025-06-01 22:52:40 [Swigato Log]: Menu item 'Masala Chai' already exists for restaurant ID 1. Skipping.
2025-06-01 22:52:40 [Swigato Log]: Menu item 'Lassi (Sweet)' already exists for restaurant ID 1. Skipping.
2025-06-01 22:52:40 [Swigato Log]: Menu item 'Qubani ka Meetha' already exists for restaurant ID 1. Skipping.
2025-06-01 22:52:40 [Swigato Log]: Restaurant 'Cafe Coffee Day' already exists. Checking/adding its menu items.
2025-06-01 22:52:40 [Swigato Log]: Menu item 'Cold Coffee' already exists for restaurant ID 2. Skipping.
2025-06-01 22:52:40 [Swigato Log]: Menu item 'Cappuccino' already exists for restaurant ID 2. Skipping.
2025-06-01 22:52:40 [Swigato Log]: Menu item 'Cafe Latte' already exists for restaurant ID 2. Skipping.
2025-06-01 22:52:40 [Swigato Log]: Menu item 'Chocolate Brownie' already exists for restaurant ID 2. Skipping.
2025-06-01 22:52:40 [Swigato Log]: Restaurant 'Punjabi Tadka' already exists. Checking/adding its menu items.
2025-06-01 22:52:40 [Swigato Log]: Menu item 'Butter Chicken' already exists for restaurant ID 3. Skipping.
2025-06-01 22:52:40 [Swigato Log]: Menu item 'Dal Makhani' already exists for restaurant ID 3. Skipping.
2025-06-01 22:52:40 [Swigato Log]: Menu item 'Paneer Tikka Masala' already exists for restaurant ID 3. Skipping.
2025-06-01 22:52:40 [Swigato Log]: Menu item 'Gulab Jamun' already exists for restaurant ID 3. Skipping.
2025-06-01 22:52:40 [Swigato Log]: Menu item 'Sweet Lassi' already exists for restaurant ID 3. Skipping.
2025-06-01 22:52:40 [Swigato Log]: Restaurant 'The Great Hall Baluchi' already exists. Checking/adding its menu items.
2025-06-01 22:52:40 [Swigato Log]: Menu item 'Dal Baluchi' already exists for restaurant ID 4. Skipping.
2025-06-01 22:52:40 [Swigato Log]: Menu item 'Subz Biryani' already exists for restaurant ID 4. Skipping.
2025-06-01 22:52:40 [Swigato Log]: Restaurant 'Badkul Restaurant' already exists. Checking/adding its menu items.
2025-06-01 22:52:40 [Swigato Log]: Menu item 'Special Thali' already exists for restaurant ID 5. Skipping.
2025-06-01 22:52:40 [Swigato Log]: Menu item 'Chilli Paneer' already exists for restaurant ID 5. Skipping.
2025-06-01 22:52:40 [Swigato Log]: Sample restaurant data population check complete.
2025-06-01 22:52:45 [Swigato Log]: Database connection established to g:\swigato_project\data\swigato.db
2025-06-01 22:52:45 [Swigato Log]: User 'AMARTYA' (ID: 2) logged in successfully.
2025-06-01 22:52:45 [Swigato Log]: MainAppScreen.load_restaurants called
2025-06-01 22:52:45 [Swigato Log]: Database connection established to g:\swigato_project\data\swigato.db
2025-06-01 22:52:45 [Swigato Log]: Loaded 5 restaurants.
2025-06-01 22:54:13 [Swigato Log]: Initializing database tables...
2025-06-01 22:54:13 [Swigato Log]: Database connection established to g:\swigato_project\data\swigato.db
2025-06-01 22:54:13 [Swigato Log]: Users table initialized.
2025-06-01 22:54:13 [Swigato Log]: Database connection established to g:\swigato_project\data\swigato.db
2025-06-01 22:54:13 [Swigato Log]: Restaurants table initialized.
2025-06-01 22:54:13 [Swigato Log]: Database connection established to g:\swigato_project\data\swigato.db
2025-06-01 22:54:13 [Swigato Log]: Menu items table initialized.
2025-06-01 22:54:13 [Swigato Log]: Database connection established to g:\swigato_project\data\swigato.db
2025-06-01 22:54:13 [Swigato Log]: Reviews table initialized.
2025-06-01 22:54:13 [Swigato Log]: Database connection established to g:\swigato_project\data\swigato.db
2025-06-01 22:54:13 [Swigato Log]: Orders table initialized.
2025-06-01 22:54:13 [Swigato Log]: Database connection established to g:\swigato_project\data\swigato.db
2025-06-01 22:54:13 [Swigato Log]: Order items table initialized.
2025-06-01 22:54:13 [Swigato Log]: Database initialization complete.
2025-06-01 22:54:13 [Swigato Log]: Database connection established to g:\swigato_project\data\swigato.db
2025-06-01 22:54:13 [Swigato Log]: Admin user already exists. Skipping default admin creation.
2025-06-01 22:54:13 [Swigato Log]: Attempting to populate sample restaurant data...
2025-06-01 22:54:13 [Swigato Log]: Database connection established to g:\swigato_project\data\swigato.db
2025-06-01 22:54:13 [Swigato Log]: Restaurant 'Paradise Biryani' already exists. Checking/adding its menu items.
2025-06-01 22:54:13 [Swigato Log]: Menu item 'Hyderabadi Chicken Biryani' already exists for restaurant ID 1. Skipping.
2025-06-01 22:54:13 [Swigato Log]: Menu item 'Mutton Biryani' already exists for restaurant ID 1. Skipping.
2025-06-01 22:54:13 [Swigato Log]: Menu item 'Veg Biryani' already exists for restaurant ID 1. Skipping.
2025-06-01 22:54:13 [Swigato Log]: Menu item 'Masala Chai' already exists for restaurant ID 1. Skipping.
2025-06-01 22:54:13 [Swigato Log]: Menu item 'Lassi (Sweet)' already exists for restaurant ID 1. Skipping.
2025-06-01 22:54:13 [Swigato Log]: Menu item 'Qubani ka Meetha' already exists for restaurant ID 1. Skipping.
2025-06-01 22:54:13 [Swigato Log]: Restaurant 'Cafe Coffee Day' already exists. Checking/adding its menu items.
2025-06-01 22:54:13 [Swigato Log]: Menu item 'Cold Coffee' already exists for restaurant ID 2. Skipping.
2025-06-01 22:54:13 [Swigato Log]: Menu item 'Cappuccino' already exists for restaurant ID 2. Skipping.
2025-06-01 22:54:13 [Swigato Log]: Menu item 'Cafe Latte' already exists for restaurant ID 2. Skipping.
2025-06-01 22:54:13 [Swigato Log]: Menu item 'Chocolate Brownie' already exists for restaurant ID 2. Skipping.
2025-06-01 22:54:13 [Swigato Log]: Restaurant 'Punjabi Tadka' already exists. Checking/adding its menu items.
2025-06-01 22:54:13 [Swigato Log]: Menu item 'Butter Chicken' already exists for restaurant ID 3. Skipping.
2025-06-01 22:54:13 [Swigato Log]: Menu item 'Dal Makhani' already exists for restaurant ID 3. Skipping.
2025-06-01 22:54:13 [Swigato Log]: Menu item 'Paneer Tikka Masala' already exists for restaurant ID 3. Skipping.
2025-06-01 22:54:13 [Swigato Log]: Menu item 'Gulab Jamun' already exists for restaurant ID 3. Skipping.
2025-06-01 22:54:13 [Swigato Log]: Menu item 'Sweet Lassi' already exists for restaurant ID 3. Skipping.
2025-06-01 22:54:13 [Swigato Log]: Restaurant 'The Great Hall Baluchi' already exists. Checking/adding its menu items.
2025-06-01 22:54:13 [Swigato Log]: Menu item 'Dal Baluchi' already exists for restaurant ID 4. Skipping.
2025-06-01 22:54:13 [Swigato Log]: Menu item 'Subz Biryani' already exists for restaurant ID 4. Skipping.
2025-06-01 22:54:13 [Swigato Log]: Restaurant 'Badkul Restaurant' already exists. Checking/adding its menu items.
2025-06-01 22:54:13 [Swigato Log]: Menu item 'Special Thali' already exists for restaurant ID 5. Skipping.
2025-06-01 22:54:13 [Swigato Log]: Menu item 'Chilli Paneer' already exists for restaurant ID 5. Skipping.
2025-06-01 22:54:13 [Swigato Log]: Sample restaurant data population check complete.
2025-06-01 22:54:17 [Swigato Log]: Database connection established to g:\swigato_project\data\swigato.db
2025-06-01 22:54:17 [Swigato Log]: User 'AMARTYA' (ID: 2) logged in successfully.
2025-06-01 22:54:17 [Swigato Log]: MainAppScreen.load_restaurants called
2025-06-01 22:54:17 [Swigato Log]: Database connection established to g:\swigato_project\data\swigato.db
2025-06-01 22:54:17 [Swigato Log]: Loaded 5 restaurants.
2025-06-01 22:54:17 [Swigato Log]: Attempting to load restaurant image from: g:\swigato_project\assets\restaurants\badkul.jpeg
2025-06-01 22:54:17 [Swigato Log]: Attempting to load restaurant image from: g:\swigato_project\assets\restaurants\restaurent_b.jpeg
2025-06-01 22:54:17 [Swigato Log]: Attempting to load restaurant image from: g:\swigato_project\assets\restaurants\restaurent_a.jpeg
2025-06-01 22:54:17 [Swigato Log]: Attempting to load restaurant image from: g:\swigato_project\assets\restaurants\restaurent_c.jpeg
2025-06-01 22:54:17 [Swigato Log]: Attempting to load restaurant image from: g:\swigato_project\assets\restaurants\baluchi-the-great-hall.jpg
2025-06-01 22:54:21 [Swigato Log]: MenuScreen.load_menu_items called for restaurant: Badkul Restaurant
2025-06-01 22:54:21 [Swigato Log]: Accessing menu for restaurant: Badkul Restaurant (ID: 5)
2025-06-01 22:54:21 [Swigato Log]: MenuItem.get_for_restaurant called for restaurant_id: 5
2025-06-01 22:54:21 [Swigato Log]: Database connection established to g:\swigato_project\data\swigato.db
2025-06-01 22:54:21 [Swigato Log]: Found 2 menu items for restaurant_id: 5
2025-06-01 22:54:21 [Swigato Log]: Restaurant.menu property for 'Badkul Restaurant' returning 2 items.
2025-06-01 22:54:21 [Swigato Log]: Retrieved 2 items from restaurant.menu for 'Badkul Restaurant'
2025-06-01 22:54:21 [Swigato Log]: Attempting to load menu item image from: g:\swigato_project\assets\menu_items\menu_default.jpg
2025-06-01 22:54:21 [Swigato Log]: Attempting to load menu item image from: g:\swigato_project\assets\menu_items\menu_default.jpg
2025-06-01 22:54:21 [Swigato Log]: MenuScreen.load_menu_items called for restaurant: Badkul Restaurant
2025-06-01 22:54:21 [Swigato Log]: Accessing menu for restaurant: Badkul Restaurant (ID: 5)
2025-06-01 22:54:21 [Swigato Log]: MenuItem.get_for_restaurant called for restaurant_id: 5
2025-06-01 22:54:21 [Swigato Log]: Database connection established to g:\swigato_project\data\swigato.db
2025-06-01 22:54:21 [Swigato Log]: Found 2 menu items for restaurant_id: 5
2025-06-01 22:54:21 [Swigato Log]: Restaurant.menu property for 'Badkul Restaurant' returning 2 items.
2025-06-01 22:54:21 [Swigato Log]: Retrieved 2 items from restaurant.menu for 'Badkul Restaurant'
2025-06-01 22:54:21 [Swigato Log]: Attempting to load menu item image from: g:\swigato_project\assets\menu_items\menu_default.jpg
2025-06-01 22:54:21 [Swigato Log]: Attempting to load menu item image from: g:\swigato_project\assets\menu_items\menu_default.jpg
2025-06-01 22:54:23 [Swigato Log]: Added 1 of Special Thali to cart.
2025-06-01 22:54:28 [Swigato Log]: Updated quantity for Special Thali to 2.
2025-06-01 22:56:49 [Swigato Log]: Initializing database tables...
2025-06-01 22:56:49 [Swigato Log]: Database connection established to g:\swigato_project\data\swigato.db
2025-06-01 22:56:49 [Swigato Log]: Users table initialized.
2025-06-01 22:56:49 [Swigato Log]: Database connection established to g:\swigato_project\data\swigato.db
2025-06-01 22:56:49 [Swigato Log]: Restaurants table initialized.
2025-06-01 22:56:49 [Swigato Log]: Database connection established to g:\swigato_project\data\swigato.db
2025-06-01 22:56:49 [Swigato Log]: Menu items table initialized.
2025-06-01 22:56:49 [Swigato Log]: Database connection established to g:\swigato_project\data\swigato.db
2025-06-01 22:56:49 [Swigato Log]: Reviews table initialized.
2025-06-01 22:56:49 [Swigato Log]: Database connection established to g:\swigato_project\data\swigato.db
2025-06-01 22:56:49 [Swigato Log]: Orders table initialized.
2025-06-01 22:56:49 [Swigato Log]: Database connection established to g:\swigato_project\data\swigato.db
2025-06-01 22:56:49 [Swigato Log]: Order items table initialized.
2025-06-01 22:56:49 [Swigato Log]: Database initialization complete.
2025-06-01 22:56:49 [Swigato Log]: Database connection established to g:\swigato_project\data\swigato.db
2025-06-01 22:56:49 [Swigato Log]: Admin user already exists. Skipping default admin creation.
2025-06-01 22:56:49 [Swigato Log]: Attempting to populate sample restaurant data...
2025-06-01 22:56:49 [Swigato Log]: Database connection established to g:\swigato_project\data\swigato.db
2025-06-01 22:56:49 [Swigato Log]: Restaurant 'Paradise Biryani' already exists. Checking/adding its menu items.
2025-06-01 22:56:49 [Swigato Log]: Menu item 'Hyderabadi Chicken Biryani' already exists for restaurant ID 1. Skipping.
2025-06-01 22:56:49 [Swigato Log]: Menu item 'Mutton Biryani' already exists for restaurant ID 1. Skipping.
2025-06-01 22:56:49 [Swigato Log]: Menu item 'Veg Biryani' already exists for restaurant ID 1. Skipping.
2025-06-01 22:56:49 [Swigato Log]: Menu item 'Masala Chai' already exists for restaurant ID 1. Skipping.
2025-06-01 22:56:49 [Swigato Log]: Menu item 'Lassi (Sweet)' already exists for restaurant ID 1. Skipping.
2025-06-01 22:56:49 [Swigato Log]: Menu item 'Qubani ka Meetha' already exists for restaurant ID 1. Skipping.
2025-06-01 22:56:49 [Swigato Log]: Restaurant 'Cafe Coffee Day' already exists. Checking/adding its menu items.
2025-06-01 22:56:49 [Swigato Log]: Menu item 'Cold Coffee' already exists for restaurant ID 2. Skipping.
2025-06-01 22:56:49 [Swigato Log]: Menu item 'Cappuccino' already exists for restaurant ID 2. Skipping.
2025-06-01 22:56:49 [Swigato Log]: Menu item 'Cafe Latte' already exists for restaurant ID 2. Skipping.
2025-06-01 22:56:49 [Swigato Log]: Menu item 'Chocolate Brownie' already exists for restaurant ID 2. Skipping.
2025-06-01 22:56:49 [Swigato Log]: Restaurant 'Punjabi Tadka' already exists. Checking/adding its menu items.
2025-06-01 22:56:49 [Swigato Log]: Menu item 'Butter Chicken' already exists for restaurant ID 3. Skipping.
2025-06-01 22:56:49 [Swigato Log]: Menu item 'Dal Makhani' already exists for restaurant ID 3. Skipping.
2025-06-01 22:56:49 [Swigato Log]: Menu item 'Paneer Tikka Masala' already exists for restaurant ID 3. Skipping.
2025-06-01 22:56:49 [Swigato Log]: Menu item 'Gulab Jamun' already exists for restaurant ID 3. Skipping.
2025-06-01 22:56:49 [Swigato Log]: Menu item 'Sweet Lassi' already exists for restaurant ID 3. Skipping.
2025-06-01 22:56:49 [Swigato Log]: Restaurant 'The Great Hall Baluchi' already exists. Checking/adding its menu items.
2025-06-01 22:56:49 [Swigato Log]: Menu item 'Dal Baluchi' already exists for restaurant ID 4. Skipping.
2025-06-01 22:56:49 [Swigato Log]: Menu item 'Subz Biryani' already exists for restaurant ID 4. Skipping.
2025-06-01 22:56:49 [Swigato Log]: Restaurant 'Badkul Restaurant' already exists. Checking/adding its menu items.
2025-06-01 22:56:49 [Swigato Log]: Menu item 'Special Thali' already exists for restaurant ID 5. Skipping.
2025-06-01 22:56:49 [Swigato Log]: Menu item 'Chilli Paneer' already exists for restaurant ID 5. Skipping.
2025-06-01 22:56:49 [Swigato Log]: Sample restaurant data population check complete.
2025-06-01 22:56:57 [Swigato Log]: Database connection established to g:\swigato_project\data\swigato.db
2025-06-01 22:56:57 [Swigato Log]: User 'AMARTYA' (ID: 2) logged in successfully.
2025-06-01 22:56:57 [Swigato Log]: MainAppScreen.load_restaurants called
2025-06-01 22:56:57 [Swigato Log]: Database connection established to g:\swigato_project\data\swigato.db
2025-06-01 22:56:57 [Swigato Log]: Loaded 5 restaurants.
2025-06-01 22:56:57 [Swigato Log]: Attempting to load restaurant image from: g:\swigato_project\assets\restaurants\badkul.jpeg
2025-06-01 22:56:57 [Swigato Log]: Attempting to load restaurant image from: g:\swigato_project\assets\restaurants\restaurent_b.jpeg
2025-06-01 22:56:57 [Swigato Log]: Attempting to load restaurant image from: g:\swigato_project\assets\restaurants\restaurent_a.jpeg
2025-06-01 22:56:57 [Swigato Log]: Attempting to load restaurant image from: g:\swigato_project\assets\restaurants\restaurent_c.jpeg
2025-06-01 22:56:57 [Swigato Log]: Attempting to load restaurant image from: g:\swigato_project\assets\restaurants\baluchi-the-great-hall.jpg
2025-06-01 22:57:03 [Swigato Log]: MenuScreen.load_menu_items called for restaurant: Badkul Restaurant
2025-06-01 22:57:03 [Swigato Log]: Accessing menu for restaurant: Badkul Restaurant (ID: 5)
2025-06-01 22:57:03 [Swigato Log]: MenuItem.get_for_restaurant called for restaurant_id: 5
2025-06-01 22:57:03 [Swigato Log]: Database connection established to g:\swigato_project\data\swigato.db
2025-06-01 22:57:03 [Swigato Log]: Found 2 menu items for restaurant_id: 5
2025-06-01 22:57:03 [Swigato Log]: Restaurant.menu property for 'Badkul Restaurant' returning 2 items.
2025-06-01 22:57:03 [Swigato Log]: Retrieved 2 items from restaurant.menu for 'Badkul Restaurant'
2025-06-01 22:57:03 [Swigato Log]: Attempting to load menu item image from: g:\swigato_project\assets\menu_items\menu_default.jpg
2025-06-01 22:57:03 [Swigato Log]: Attempting to load menu item image from: g:\swigato_project\assets\menu_items\menu_default.jpg
2025-06-01 22:57:03 [Swigato Log]: MenuScreen.load_menu_items called for restaurant: Badkul Restaurant
2025-06-01 22:57:03 [Swigato Log]: Accessing menu for restaurant: Badkul Restaurant (ID: 5)
2025-06-01 22:57:03 [Swigato Log]: MenuItem.get_for_restaurant called for restaurant_id: 5
2025-06-01 22:57:03 [Swigato Log]: Database connection established to g:\swigato_project\data\swigato.db
2025-06-01 22:57:03 [Swigato Log]: Found 2 menu items for restaurant_id: 5
2025-06-01 22:57:03 [Swigato Log]: Restaurant.menu property for 'Badkul Restaurant' returning 2 items.
2025-06-01 22:57:03 [Swigato Log]: Retrieved 2 items from restaurant.menu for 'Badkul Restaurant'
2025-06-01 22:57:03 [Swigato Log]: Attempting to load menu item image from: g:\swigato_project\assets\menu_items\menu_default.jpg
2025-06-01 22:57:03 [Swigato Log]: Attempting to load menu item image from: g:\swigato_project\assets\menu_items\menu_default.jpg
2025-06-01 22:57:05 [Swigato Log]: Added 1 of Chilli Paneer to cart.
2025-06-01 22:57:06 [Swigato Log]: Added 1 of Special Thali to cart.
2025-06-01 22:57:10 [Swigato Log]: Removed item ID 18 from cart.
2025-06-01 22:57:12 [Swigato Log]: MenuScreen.load_menu_items called for restaurant: Badkul Restaurant
2025-06-01 22:57:12 [Swigato Log]: Accessing menu for restaurant: Badkul Restaurant (ID: 5)
2025-06-01 22:57:12 [Swigato Log]: MenuItem.get_for_restaurant called for restaurant_id: 5
2025-06-01 22:57:12 [Swigato Log]: Database connection established to g:\swigato_project\data\swigato.db
2025-06-01 22:57:12 [Swigato Log]: Found 2 menu items for restaurant_id: 5
2025-06-01 22:57:12 [Swigato Log]: Restaurant.menu property for 'Badkul Restaurant' returning 2 items.
2025-06-01 22:57:12 [Swigato Log]: Retrieved 2 items from restaurant.menu for 'Badkul Restaurant'
2025-06-01 22:57:12 [Swigato Log]: Attempting to load menu item image from: g:\swigato_project\assets\menu_items\menu_default.jpg
2025-06-01 22:57:12 [Swigato Log]: Attempting to load menu item image from: g:\swigato_project\assets\menu_items\menu_default.jpg
2025-06-01 22:57:12 [Swigato Log]: MenuScreen.load_menu_items called for restaurant: Badkul Restaurant
2025-06-01 22:57:12 [Swigato Log]: Accessing menu for restaurant: Badkul Restaurant (ID: 5)
2025-06-01 22:57:12 [Swigato Log]: MenuItem.get_for_restaurant called for restaurant_id: 5
2025-06-01 22:57:12 [Swigato Log]: Database connection established to g:\swigato_project\data\swigato.db
2025-06-01 22:57:12 [Swigato Log]: Found 2 menu items for restaurant_id: 5
2025-06-01 22:57:12 [Swigato Log]: Restaurant.menu property for 'Badkul Restaurant' returning 2 items.
2025-06-01 22:57:12 [Swigato Log]: Retrieved 2 items from restaurant.menu for 'Badkul Restaurant'
2025-06-01 22:57:12 [Swigato Log]: Attempting to load menu item image from: g:\swigato_project\assets\menu_items\menu_default.jpg
2025-06-01 22:57:12 [Swigato Log]: Attempting to load menu item image from: g:\swigato_project\assets\menu_items\menu_default.jpg
2025-06-01 22:57:13 [Swigato Log]: Updated quantity for Chilli Paneer to 2.
2025-06-01 22:57:15 [Swigato Log]: MenuScreen.load_menu_items called for restaurant: Badkul Restaurant
2025-06-01 22:57:15 [Swigato Log]: Accessing menu for restaurant: Badkul Restaurant (ID: 5)
2025-06-01 22:57:15 [Swigato Log]: MenuItem.get_for_restaurant called for restaurant_id: 5
2025-06-01 22:57:15 [Swigato Log]: Database connection established to g:\swigato_project\data\swigato.db
2025-06-01 22:57:15 [Swigato Log]: Found 2 menu items for restaurant_id: 5
2025-06-01 22:57:15 [Swigato Log]: Restaurant.menu property for 'Badkul Restaurant' returning 2 items.
2025-06-01 22:57:15 [Swigato Log]: Retrieved 2 items from restaurant.menu for 'Badkul Restaurant'
2025-06-01 22:57:15 [Swigato Log]: Attempting to load menu item image from: g:\swigato_project\assets\menu_items\menu_default.jpg
2025-06-01 22:57:15 [Swigato Log]: Attempting to load menu item image from: g:\swigato_project\assets\menu_items\menu_default.jpg
2025-06-01 22:57:15 [Swigato Log]: MenuScreen.load_menu_items called for restaurant: Badkul Restaurant
2025-06-01 22:57:15 [Swigato Log]: Accessing menu for restaurant: Badkul Restaurant (ID: 5)
2025-06-01 22:57:15 [Swigato Log]: MenuItem.get_for_restaurant called for restaurant_id: 5
2025-06-01 22:57:15 [Swigato Log]: Database connection established to g:\swigato_project\data\swigato.db
2025-06-01 22:57:15 [Swigato Log]: Found 2 menu items for restaurant_id: 5
2025-06-01 22:57:15 [Swigato Log]: Restaurant.menu property for 'Badkul Restaurant' returning 2 items.
2025-06-01 22:57:15 [Swigato Log]: Retrieved 2 items from restaurant.menu for 'Badkul Restaurant'
2025-06-01 22:57:15 [Swigato Log]: Attempting to load menu item image from: g:\swigato_project\assets\menu_items\menu_default.jpg
2025-06-01 22:57:15 [Swigato Log]: Attempting to load menu item image from: g:\swigato_project\assets\menu_items\menu_default.jpg
2025-06-01 22:57:16 [Swigato Log]: Added 1 of Special Thali to cart.
2025-06-01 22:57:20 [Swigato Log]: MainAppScreen.load_restaurants called
2025-06-01 22:57:20 [Swigato Log]: Database connection established to g:\swigato_project\data\swigato.db
2025-06-01 22:57:20 [Swigato Log]: Loaded 5 restaurants.
2025-06-01 22:57:20 [Swigato Log]: Attempting to load restaurant image from: g:\swigato_project\assets\restaurants\badkul.jpeg
2025-06-01 22:57:20 [Swigato Log]: Attempting to load restaurant image from: g:\swigato_project\assets\restaurants\restaurent_b.jpeg
2025-06-01 22:57:20 [Swigato Log]: Attempting to load restaurant image from: g:\swigato_project\assets\restaurants\restaurent_a.jpeg
2025-06-01 22:57:20 [Swigato Log]: Attempting to load restaurant image from: g:\swigato_project\assets\restaurants\restaurent_c.jpeg
2025-06-01 22:57:20 [Swigato Log]: Attempting to load restaurant image from: g:\swigato_project\assets\restaurants\baluchi-the-great-hall.jpg
2025-06-01 22:57:52 [Swigato Log]: Database connection established to g:\swigato_project\data\swigato.db
2025-06-01 22:57:52 [Swigato Log]: Database connection established to g:\swigato_project\data\swigato.db
2025-06-01 22:57:52 [Swigato Log]: User 'testuser1' created with ID 3, Admin status: False.
2025-06-01 22:57:52 [Swigato Log]: Database connection established to g:\swigato_project\data\swigato.db
2025-06-01 22:57:52 [Swigato Log]: User 'testuser1' (ID: 3) created and logged in successfully.
2025-06-01 22:58:00 [Swigato Log]: Database connection established to g:\swigato_project\data\swigato.db
2025-06-01 22:58:00 [Swigato Log]: User 'testuser1' (ID: 3) logged in successfully.
2025-06-01 22:58:00 [Swigato Log]: MainAppScreen.load_restaurants called
2025-06-01 22:58:00 [Swigato Log]: Database connection established to g:\swigato_project\data\swigato.db
2025-06-01 22:58:00 [Swigato Log]: Loaded 5 restaurants.
2025-06-01 22:58:00 [Swigato Log]: Attempting to load restaurant image from: g:\swigato_project\assets\restaurants\badkul.jpeg
2025-06-01 22:58:00 [Swigato Log]: Attempting to load restaurant image from: g:\swigato_project\assets\restaurants\restaurent_b.jpeg
2025-06-01 22:58:00 [Swigato Log]: Attempting to load restaurant image from: g:\swigato_project\assets\restaurants\restaurent_a.jpeg
2025-06-01 22:58:00 [Swigato Log]: Attempting to load restaurant image from: g:\swigato_project\assets\restaurants\restaurent_c.jpeg
2025-06-01 22:58:00 [Swigato Log]: Attempting to load restaurant image from: g:\swigato_project\assets\restaurants\baluchi-the-great-hall.jpg
2025-06-01 22:59:15 [Swigato Log]: MainAppScreen.load_restaurants called
2025-06-01 22:59:15 [Swigato Log]: Database connection established to g:\swigato_project\data\swigato.db
2025-06-01 22:59:15 [Swigato Log]: Loaded 5 restaurants.
2025-06-01 22:59:15 [Swigato Log]: Attempting to load restaurant image from: g:\swigato_project\assets\restaurants\badkul.jpeg
2025-06-01 22:59:15 [Swigato Log]: Attempting to load restaurant image from: g:\swigato_project\assets\restaurants\restaurent_b.jpeg
2025-06-01 22:59:15 [Swigato Log]: Attempting to load restaurant image from: g:\swigato_project\assets\restaurants\restaurent_a.jpeg
2025-06-01 22:59:15 [Swigato Log]: Attempting to load restaurant image from: g:\swigato_project\assets\restaurants\restaurent_c.jpeg
2025-06-01 22:59:15 [Swigato Log]: Attempting to load restaurant image from: g:\swigato_project\assets\restaurants\baluchi-the-great-hall.jpg
2025-06-01 22:59:21 [Swigato Log]: MainAppScreen.load_restaurants called
2025-06-01 22:59:21 [Swigato Log]: Database connection established to g:\swigato_project\data\swigato.db
2025-06-01 22:59:21 [Swigato Log]: Loaded 5 restaurants.
2025-06-01 22:59:21 [Swigato Log]: Attempting to load restaurant image from: g:\swigato_project\assets\restaurants\badkul.jpeg
2025-06-01 22:59:21 [Swigato Log]: Attempting to load restaurant image from: g:\swigato_project\assets\restaurants\restaurent_b.jpeg
2025-06-01 22:59:21 [Swigato Log]: Attempting to load restaurant image from: g:\swigato_project\assets\restaurants\restaurent_a.jpeg
2025-06-01 22:59:21 [Swigato Log]: Attempting to load restaurant image from: g:\swigato_project\assets\restaurants\restaurent_c.jpeg
2025-06-01 22:59:21 [Swigato Log]: Attempting to load restaurant image from: g:\swigato_project\assets\restaurants\baluchi-the-great-hall.jpg
2025-06-01 23:01:20 [Swigato Log]: Initializing database tables...
2025-06-01 23:01:20 [Swigato Log]: Database connection established to g:\swigato_project\data\swigato.db
2025-06-01 23:01:20 [Swigato Log]: Users table initialized.
2025-06-01 23:01:20 [Swigato Log]: Database connection established to g:\swigato_project\data\swigato.db
2025-06-01 23:01:20 [Swigato Log]: Restaurants table initialized.
2025-06-01 23:01:20 [Swigato Log]: Database connection established to g:\swigato_project\data\swigato.db
2025-06-01 23:01:20 [Swigato Log]: Menu items table initialized.
2025-06-01 23:01:20 [Swigato Log]: Database connection established to g:\swigato_project\data\swigato.db
2025-06-01 23:01:20 [Swigato Log]: Reviews table initialized.
2025-06-01 23:01:20 [Swigato Log]: Database connection established to g:\swigato_project\data\swigato.db
2025-06-01 23:01:20 [Swigato Log]: Orders table initialized.
2025-06-01 23:01:20 [Swigato Log]: Database connection established to g:\swigato_project\data\swigato.db
2025-06-01 23:01:20 [Swigato Log]: Order items table initialized.
2025-06-01 23:01:20 [Swigato Log]: Database initialization complete.
2025-06-01 23:01:20 [Swigato Log]: Database connection established to g:\swigato_project\data\swigato.db
2025-06-01 23:01:20 [Swigato Log]: Admin user already exists. Skipping default admin creation.
2025-06-01 23:01:20 [Swigato Log]: Attempting to populate sample restaurant data...
2025-06-01 23:01:20 [Swigato Log]: Database connection established to g:\swigato_project\data\swigato.db
2025-06-01 23:01:20 [Swigato Log]: Restaurant 'Paradise Biryani' already exists. Checking/adding its menu items.
2025-06-01 23:01:20 [Swigato Log]: Menu item 'Hyderabadi Chicken Biryani' already exists for restaurant ID 1. Skipping.
2025-06-01 23:01:20 [Swigato Log]: Menu item 'Mutton Biryani' already exists for restaurant ID 1. Skipping.
2025-06-01 23:01:20 [Swigato Log]: Menu item 'Veg Biryani' already exists for restaurant ID 1. Skipping.
2025-06-01 23:01:20 [Swigato Log]: Menu item 'Masala Chai' already exists for restaurant ID 1. Skipping.
2025-06-01 23:01:20 [Swigato Log]: Menu item 'Lassi (Sweet)' already exists for restaurant ID 1. Skipping.
2025-06-01 23:01:20 [Swigato Log]: Menu item 'Qubani ka Meetha' already exists for restaurant ID 1. Skipping.
2025-06-01 23:01:20 [Swigato Log]: Restaurant 'Cafe Coffee Day' already exists. Checking/adding its menu items.
2025-06-01 23:01:20 [Swigato Log]: Menu item 'Cold Coffee' already exists for restaurant ID 2. Skipping.
2025-06-01 23:01:20 [Swigato Log]: Menu item 'Cappuccino' already exists for restaurant ID 2. Skipping.
2025-06-01 23:01:20 [Swigato Log]: Menu item 'Cafe Latte' already exists for restaurant ID 2. Skipping.
2025-06-01 23:01:20 [Swigato Log]: Menu item 'Chocolate Brownie' already exists for restaurant ID 2. Skipping.
2025-06-01 23:01:20 [Swigato Log]: Restaurant 'Punjabi Tadka' already exists. Checking/adding its menu items.
2025-06-01 23:01:20 [Swigato Log]: Menu item 'Butter Chicken' already exists for restaurant ID 3. Skipping.
2025-06-01 23:01:20 [Swigato Log]: Menu item 'Dal Makhani' already exists for restaurant ID 3. Skipping.
2025-06-01 23:01:20 [Swigato Log]: Menu item 'Paneer Tikka Masala' already exists for restaurant ID 3. Skipping.
2025-06-01 23:01:20 [Swigato Log]: Menu item 'Gulab Jamun' already exists for restaurant ID 3. Skipping.
2025-06-01 23:01:20 [Swigato Log]: Menu item 'Sweet Lassi' already exists for restaurant ID 3. Skipping.
2025-06-01 23:01:20 [Swigato Log]: Restaurant 'The Great Hall Baluchi' already exists. Checking/adding its menu items.
2025-06-01 23:01:20 [Swigato Log]: Menu item 'Dal Baluchi' already exists for restaurant ID 4. Skipping.
2025-06-01 23:01:20 [Swigato Log]: Menu item 'Subz Biryani' already exists for restaurant ID 4. Skipping.
2025-06-01 23:01:20 [Swigato Log]: Restaurant 'Badkul Restaurant' already exists. Checking/adding its menu items.
2025-06-01 23:01:20 [Swigato Log]: Menu item 'Special Thali' already exists for restaurant ID 5. Skipping.
2025-06-01 23:01:20 [Swigato Log]: Menu item 'Chilli Paneer' already exists for restaurant ID 5. Skipping.
2025-06-01 23:01:20 [Swigato Log]: Sample restaurant data population check complete.
2025-06-01 23:01:33 [Swigato Log]: Database connection established to g:\swigato_project\data\swigato.db
2025-06-01 23:01:33 [Swigato Log]: User 'testuser1' (ID: 3) logged in successfully.
2025-06-01 23:01:33 [Swigato Log]: MainAppScreen.load_restaurants called
2025-06-01 23:01:33 [Swigato Log]: Database connection established to g:\swigato_project\data\swigato.db
2025-06-01 23:01:33 [Swigato Log]: Loaded 5 restaurants.
2025-06-01 23:01:33 [Swigato Log]: Attempting to load restaurant image from: g:\swigato_project\assets\restaurants\badkul.jpeg
2025-06-01 23:01:33 [Swigato Log]: Attempting to load restaurant image from: g:\swigato_project\assets\restaurants\restaurent_b.jpeg
2025-06-01 23:01:33 [Swigato Log]: Attempting to load restaurant image from: g:\swigato_project\assets\restaurants\restaurent_a.jpeg
2025-06-01 23:01:33 [Swigato Log]: Attempting to load restaurant image from: g:\swigato_project\assets\restaurants\restaurent_c.jpeg
2025-06-01 23:01:33 [Swigato Log]: Attempting to load restaurant image from: g:\swigato_project\assets\restaurants\baluchi-the-great-hall.jpg
2025-06-01 23:01:34 [Swigato Log]: MenuScreen.load_menu_items called for restaurant: Badkul Restaurant
2025-06-01 23:01:34 [Swigato Log]: Accessing menu for restaurant: Badkul Restaurant (ID: 5)
2025-06-01 23:01:34 [Swigato Log]: MenuItem.get_for_restaurant called for restaurant_id: 5
2025-06-01 23:01:34 [Swigato Log]: Database connection established to g:\swigato_project\data\swigato.db
2025-06-01 23:01:34 [Swigato Log]: Found 2 menu items for restaurant_id: 5
2025-06-01 23:01:34 [Swigato Log]: Restaurant.menu property for 'Badkul Restaurant' returning 2 items.
2025-06-01 23:01:34 [Swigato Log]: Retrieved 2 items from restaurant.menu for 'Badkul Restaurant'
2025-06-01 23:01:34 [Swigato Log]: Attempting to load menu item image from: g:\swigato_project\assets\menu_items\menu_default.jpg
2025-06-01 23:01:34 [Swigato Log]: Attempting to load menu item image from: g:\swigato_project\assets\menu_items\menu_default.jpg
2025-06-01 23:01:34 [Swigato Log]: MenuScreen.load_menu_items called for restaurant: Badkul Restaurant
2025-06-01 23:01:34 [Swigato Log]: Accessing menu for restaurant: Badkul Restaurant (ID: 5)
2025-06-01 23:01:34 [Swigato Log]: MenuItem.get_for_restaurant called for restaurant_id: 5
2025-06-01 23:01:34 [Swigato Log]: Database connection established to g:\swigato_project\data\swigato.db
2025-06-01 23:01:34 [Swigato Log]: Found 2 menu items for restaurant_id: 5
2025-06-01 23:01:34 [Swigato Log]: Restaurant.menu property for 'Badkul Restaurant' returning 2 items.
2025-06-01 23:01:34 [Swigato Log]: Retrieved 2 items from restaurant.menu for 'Badkul Restaurant'
2025-06-01 23:01:34 [Swigato Log]: Attempting to load menu item image from: g:\swigato_project\assets\menu_items\menu_default.jpg
2025-06-01 23:01:34 [Swigato Log]: Attempting to load menu item image from: g:\swigato_project\assets\menu_items\menu_default.jpg
2025-06-01 23:01:36 [Swigato Log]: Added 1 of Special Thali to cart.
2025-06-01 23:01:36 [Swigato Log]: Added 1 of Chilli Paneer to cart.
2025-06-01 23:01:42 [Swigato Log]: MainAppScreen.load_restaurants called
2025-06-01 23:01:42 [Swigato Log]: Database connection established to g:\swigato_project\data\swigato.db
2025-06-01 23:01:42 [Swigato Log]: Loaded 5 restaurants.
2025-06-01 23:01:42 [Swigato Log]: Attempting to load restaurant image from: g:\swigato_project\assets\restaurants\badkul.jpeg
2025-06-01 23:01:42 [Swigato Log]: Attempting to load restaurant image from: g:\swigato_project\assets\restaurants\restaurent_b.jpeg
2025-06-01 23:01:42 [Swigato Log]: Attempting to load restaurant image from: g:\swigato_project\assets\restaurants\restaurent_a.jpeg
2025-06-01 23:01:42 [Swigato Log]: Attempting to load restaurant image from: g:\swigato_project\assets\restaurants\restaurent_c.jpeg
2025-06-01 23:01:42 [Swigato Log]: Attempting to load restaurant image from: g:\swigato_project\assets\restaurants\baluchi-the-great-hall.jpg
2025-06-01 23:01:51 [Swigato Log]: MenuScreen.load_menu_items called for restaurant: Badkul Restaurant
2025-06-01 23:01:51 [Swigato Log]: Accessing menu for restaurant: Badkul Restaurant (ID: 5)
2025-06-01 23:01:51 [Swigato Log]: MenuItem.get_for_restaurant called for restaurant_id: 5
2025-06-01 23:01:51 [Swigato Log]: Database connection established to g:\swigato_project\data\swigato.db
2025-06-01 23:01:51 [Swigato Log]: Found 2 menu items for restaurant_id: 5
2025-06-01 23:01:51 [Swigato Log]: Restaurant.menu property for 'Badkul Restaurant' returning 2 items.
2025-06-01 23:01:51 [Swigato Log]: Retrieved 2 items from restaurant.menu for 'Badkul Restaurant'
2025-06-01 23:01:51 [Swigato Log]: Attempting to load menu item image from: g:\swigato_project\assets\menu_items\menu_default.jpg
2025-06-01 23:01:51 [Swigato Log]: Attempting to load menu item image from: g:\swigato_project\assets\menu_items\menu_default.jpg
2025-06-01 23:01:51 [Swigato Log]: MenuScreen.load_menu_items called for restaurant: Badkul Restaurant
2025-06-01 23:01:51 [Swigato Log]: Accessing menu for restaurant: Badkul Restaurant (ID: 5)
2025-06-01 23:01:51 [Swigato Log]: MenuItem.get_for_restaurant called for restaurant_id: 5
2025-06-01 23:01:51 [Swigato Log]: Database connection established to g:\swigato_project\data\swigato.db
2025-06-01 23:01:51 [Swigato Log]: Found 2 menu items for restaurant_id: 5
2025-06-01 23:01:51 [Swigato Log]: Restaurant.menu property for 'Badkul Restaurant' returning 2 items.
2025-06-01 23:01:51 [Swigato Log]: Retrieved 2 items from restaurant.menu for 'Badkul Restaurant'
2025-06-01 23:01:51 [Swigato Log]: Attempting to load menu item image from: g:\swigato_project\assets\menu_items\menu_default.jpg
2025-06-01 23:01:51 [Swigato Log]: Attempting to load menu item image from: g:\swigato_project\assets\menu_items\menu_default.jpg
2025-06-01 23:03:15 [Swigato Log]: Initializing database tables...
2025-06-01 23:03:15 [Swigato Log]: Database connection established to g:\swigato_project\data\swigato.db
2025-06-01 23:03:15 [Swigato Log]: Users table initialized.
2025-06-01 23:03:15 [Swigato Log]: Database connection established to g:\swigato_project\data\swigato.db
2025-06-01 23:03:15 [Swigato Log]: Restaurants table initialized.
2025-06-01 23:03:15 [Swigato Log]: Database connection established to g:\swigato_project\data\swigato.db
2025-06-01 23:03:15 [Swigato Log]: Menu items table initialized.
2025-06-01 23:03:15 [Swigato Log]: Database connection established to g:\swigato_project\data\swigato.db
2025-06-01 23:03:15 [Swigato Log]: Reviews table initialized.
2025-06-01 23:03:15 [Swigato Log]: Database connection established to g:\swigato_project\data\swigato.db
2025-06-01 23:03:15 [Swigato Log]: Orders table initialized.
2025-06-01 23:03:15 [Swigato Log]: Database connection established to g:\swigato_project\data\swigato.db
2025-06-01 23:03:15 [Swigato Log]: Order items table initialized.
2025-06-01 23:03:15 [Swigato Log]: Database initialization complete.
2025-06-01 23:03:15 [Swigato Log]: Database connection established to g:\swigato_project\data\swigato.db
2025-06-01 23:03:15 [Swigato Log]: Admin user already exists. Skipping default admin creation.
2025-06-01 23:03:15 [Swigato Log]: Attempting to populate sample restaurant data...
2025-06-01 23:03:15 [Swigato Log]: Database connection established to g:\swigato_project\data\swigato.db
2025-06-01 23:03:15 [Swigato Log]: Restaurant 'Paradise Biryani' already exists. Checking/adding its menu items.
2025-06-01 23:03:15 [Swigato Log]: Menu item 'Hyderabadi Chicken Biryani' already exists for restaurant ID 1. Skipping.
2025-06-01 23:03:15 [Swigato Log]: Menu item 'Mutton Biryani' already exists for restaurant ID 1. Skipping.
2025-06-01 23:03:15 [Swigato Log]: Menu item 'Veg Biryani' already exists for restaurant ID 1. Skipping.
2025-06-01 23:03:15 [Swigato Log]: Menu item 'Masala Chai' already exists for restaurant ID 1. Skipping.
2025-06-01 23:03:15 [Swigato Log]: Menu item 'Lassi (Sweet)' already exists for restaurant ID 1. Skipping.
2025-06-01 23:03:15 [Swigato Log]: Menu item 'Qubani ka Meetha' already exists for restaurant ID 1. Skipping.
2025-06-01 23:03:15 [Swigato Log]: Restaurant 'Cafe Coffee Day' already exists. Checking/adding its menu items.
2025-06-01 23:03:15 [Swigato Log]: Menu item 'Cold Coffee' already exists for restaurant ID 2. Skipping.
2025-06-01 23:03:15 [Swigato Log]: Menu item 'Cappuccino' already exists for restaurant ID 2. Skipping.
2025-06-01 23:03:15 [Swigato Log]: Menu item 'Cafe Latte' already exists for restaurant ID 2. Skipping.
2025-06-01 23:03:15 [Swigato Log]: Menu item 'Chocolate Brownie' already exists for restaurant ID 2. Skipping.
2025-06-01 23:03:15 [Swigato Log]: Restaurant 'Punjabi Tadka' already exists. Checking/adding its menu items.
2025-06-01 23:03:15 [Swigato Log]: Menu item 'Butter Chicken' already exists for restaurant ID 3. Skipping.
2025-06-01 23:03:15 [Swigato Log]: Menu item 'Dal Makhani' already exists for restaurant ID 3. Skipping.
2025-06-01 23:03:15 [Swigato Log]: Menu item 'Paneer Tikka Masala' already exists for restaurant ID 3. Skipping.
2025-06-01 23:03:15 [Swigato Log]: Menu item 'Gulab Jamun' already exists for restaurant ID 3. Skipping.
2025-06-01 23:03:15 [Swigato Log]: Menu item 'Sweet Lassi' already exists for restaurant ID 3. Skipping.
2025-06-01 23:03:15 [Swigato Log]: Restaurant 'The Great Hall Baluchi' already exists. Checking/adding its menu items.
2025-06-01 23:03:15 [Swigato Log]: Menu item 'Dal Baluchi' already exists for restaurant ID 4. Skipping.
2025-06-01 23:03:15 [Swigato Log]: Menu item 'Subz Biryani' already exists for restaurant ID 4. Skipping.
2025-06-01 23:03:15 [Swigato Log]: Restaurant 'Badkul Restaurant' already exists. Checking/adding its menu items.
2025-06-01 23:03:15 [Swigato Log]: Menu item 'Special Thali' already exists for restaurant ID 5. Skipping.
2025-06-01 23:03:15 [Swigato Log]: Menu item 'Chilli Paneer' already exists for restaurant ID 5. Skipping.
2025-06-01 23:03:15 [Swigato Log]: Sample restaurant data population check complete.
2025-06-01 23:03:22 [Swigato Log]: Database connection established to g:\swigato_project\data\swigato.db
2025-06-01 23:03:22 [Swigato Log]: User 'testuser1' (ID: 3) logged in successfully.
2025-06-01 23:03:22 [Swigato Log]: MainAppScreen.load_restaurants called
2025-06-01 23:03:22 [Swigato Log]: Database connection established to g:\swigato_project\data\swigato.db
2025-06-01 23:03:22 [Swigato Log]: Loaded 5 restaurants.
2025-06-01 23:03:22 [Swigato Log]: Attempting to load restaurant image from: g:\swigato_project\assets\restaurants\badkul.jpeg
2025-06-01 23:03:22 [Swigato Log]: Attempting to load restaurant image from: g:\swigato_project\assets\restaurants\restaurent_b.jpeg
2025-06-01 23:03:22 [Swigato Log]: Attempting to load restaurant image from: g:\swigato_project\assets\restaurants\restaurent_a.jpeg
2025-06-01 23:03:22 [Swigato Log]: Attempting to load restaurant image from: g:\swigato_project\assets\restaurants\restaurent_c.jpeg
2025-06-01 23:03:22 [Swigato Log]: Attempting to load restaurant image from: g:\swigato_project\assets\restaurants\baluchi-the-great-hall.jpg
2025-06-01 23:03:25 [Swigato Log]: MenuScreen.load_menu_items called for restaurant: Paradise Biryani
2025-06-01 23:03:25 [Swigato Log]: Accessing menu for restaurant: Paradise Biryani (ID: 1)
2025-06-01 23:03:25 [Swigato Log]: MenuItem.get_for_restaurant called for restaurant_id: 1
2025-06-01 23:03:25 [Swigato Log]: Database connection established to g:\swigato_project\data\swigato.db
2025-06-01 23:03:25 [Swigato Log]: Found 6 menu items for restaurant_id: 1
2025-06-01 23:03:25 [Swigato Log]: Restaurant.menu property for 'Paradise Biryani' returning 6 items.
2025-06-01 23:03:25 [Swigato Log]: Retrieved 6 items from restaurant.menu for 'Paradise Biryani'
2025-06-01 23:03:25 [Swigato Log]: Attempting to load menu item image from: g:\swigato_project\assets\menu_items\menu_default.jpg
2025-06-01 23:03:25 [Swigato Log]: Attempting to load menu item image from: g:\swigato_project\assets\menu_items\menu_default.jpg
2025-06-01 23:03:25 [Swigato Log]: Attempting to load menu item image from: g:\swigato_project\assets\menu_items\menu_default.jpg
2025-06-01 23:03:25 [Swigato Log]: Attempting to load menu item image from: g:\swigato_project\assets\menu_items\menu_1.jpeg
2025-06-01 23:03:25 [Swigato Log]: Attempting to load menu item image from: g:\swigato_project\assets\menu_items\menu_2.jpeg
2025-06-01 23:03:25 [Swigato Log]: Attempting to load menu item image from: g:\swigato_project\assets\menu_items\menu_3.jpeg
2025-06-01 23:03:25 [Swigato Log]: MenuScreen.load_menu_items called for restaurant: Paradise Biryani
2025-06-01 23:03:25 [Swigato Log]: Accessing menu for restaurant: Paradise Biryani (ID: 1)
2025-06-01 23:03:25 [Swigato Log]: MenuItem.get_for_restaurant called for restaurant_id: 1
2025-06-01 23:03:25 [Swigato Log]: Database connection established to g:\swigato_project\data\swigato.db
2025-06-01 23:03:25 [Swigato Log]: Found 6 menu items for restaurant_id: 1
2025-06-01 23:03:25 [Swigato Log]: Restaurant.menu property for 'Paradise Biryani' returning 6 items.
2025-06-01 23:03:25 [Swigato Log]: Retrieved 6 items from restaurant.menu for 'Paradise Biryani'
2025-06-01 23:03:25 [Swigato Log]: Attempting to load menu item image from: g:\swigato_project\assets\menu_items\menu_default.jpg
2025-06-01 23:03:25 [Swigato Log]: Attempting to load menu item image from: g:\swigato_project\assets\menu_items\menu_default.jpg
2025-06-01 23:03:25 [Swigato Log]: Attempting to load menu item image from: g:\swigato_project\assets\menu_items\menu_default.jpg
2025-06-01 23:03:25 [Swigato Log]: Attempting to load menu item image from: g:\swigato_project\assets\menu_items\menu_1.jpeg
2025-06-01 23:03:25 [Swigato Log]: Attempting to load menu item image from: g:\swigato_project\assets\menu_items\menu_2.jpeg
2025-06-01 23:03:25 [Swigato Log]: Attempting to load menu item image from: g:\swigato_project\assets\menu_items\menu_3.jpeg
2025-06-01 23:03:29 [Swigato Log]: Added 1 of Lassi (Sweet) to cart.
2025-06-01 23:03:32 [Swigato Log]: Removed item ID 5 from cart.
2025-06-01 23:03:38 [Swigato Log]: MenuScreen.load_menu_items called for restaurant: Paradise Biryani
2025-06-01 23:03:38 [Swigato Log]: Accessing menu for restaurant: Paradise Biryani (ID: 1)
2025-06-01 23:03:38 [Swigato Log]: MenuItem.get_for_restaurant called for restaurant_id: 1
2025-06-01 23:03:38 [Swigato Log]: Database connection established to g:\swigato_project\data\swigato.db
2025-06-01 23:03:38 [Swigato Log]: Found 6 menu items for restaurant_id: 1
2025-06-01 23:03:38 [Swigato Log]: Restaurant.menu property for 'Paradise Biryani' returning 6 items.
2025-06-01 23:03:38 [Swigato Log]: Retrieved 6 items from restaurant.menu for 'Paradise Biryani'
2025-06-01 23:03:38 [Swigato Log]: Attempting to load menu item image from: g:\swigato_project\assets\menu_items\menu_default.jpg
2025-06-01 23:03:38 [Swigato Log]: Attempting to load menu item image from: g:\swigato_project\assets\menu_items\menu_default.jpg
2025-06-01 23:03:38 [Swigato Log]: Attempting to load menu item image from: g:\swigato_project\assets\menu_items\menu_default.jpg
2025-06-01 23:03:38 [Swigato Log]: Attempting to load menu item image from: g:\swigato_project\assets\menu_items\menu_1.jpeg
2025-06-01 23:03:38 [Swigato Log]: Attempting to load menu item image from: g:\swigato_project\assets\menu_items\menu_2.jpeg
2025-06-01 23:03:38 [Swigato Log]: Attempting to load menu item image from: g:\swigato_project\assets\menu_items\menu_3.jpeg
2025-06-01 23:03:38 [Swigato Log]: MenuScreen.load_menu_items called for restaurant: Paradise Biryani
2025-06-01 23:03:38 [Swigato Log]: Accessing menu for restaurant: Paradise Biryani (ID: 1)
2025-06-01 23:03:38 [Swigato Log]: MenuItem.get_for_restaurant called for restaurant_id: 1
2025-06-01 23:03:38 [Swigato Log]: Database connection established to g:\swigato_project\data\swigato.db
2025-06-01 23:03:38 [Swigato Log]: Found 6 menu items for restaurant_id: 1
2025-06-01 23:03:38 [Swigato Log]: Restaurant.menu property for 'Paradise Biryani' returning 6 items.
2025-06-01 23:03:38 [Swigato Log]: Retrieved 6 items from restaurant.menu for 'Paradise Biryani'
2025-06-01 23:03:38 [Swigato Log]: Attempting to load menu item image from: g:\swigato_project\assets\menu_items\menu_default.jpg
2025-06-01 23:03:38 [Swigato Log]: Attempting to load menu item image from: g:\swigato_project\assets\menu_items\menu_default.jpg
2025-06-01 23:03:38 [Swigato Log]: Attempting to load menu item image from: g:\swigato_project\assets\menu_items\menu_default.jpg
2025-06-01 23:03:38 [Swigato Log]: Attempting to load menu item image from: g:\swigato_project\assets\menu_items\menu_1.jpeg
2025-06-01 23:03:38 [Swigato Log]: Attempting to load menu item image from: g:\swigato_project\assets\menu_items\menu_2.jpeg
2025-06-01 23:03:38 [Swigato Log]: Attempting to load menu item image from: g:\swigato_project\assets\menu_items\menu_3.jpeg
2025-06-01 23:03:43 [Swigato Log]: MenuScreen.load_menu_items called for restaurant: Paradise Biryani
2025-06-01 23:03:43 [Swigato Log]: Accessing menu for restaurant: Paradise Biryani (ID: 1)
2025-06-01 23:03:43 [Swigato Log]: MenuItem.get_for_restaurant called for restaurant_id: 1
2025-06-01 23:03:43 [Swigato Log]: Database connection established to g:\swigato_project\data\swigato.db
2025-06-01 23:03:43 [Swigato Log]: Found 6 menu items for restaurant_id: 1
2025-06-01 23:03:43 [Swigato Log]: Restaurant.menu property for 'Paradise Biryani' returning 6 items.
2025-06-01 23:03:43 [Swigato Log]: Retrieved 6 items from restaurant.menu for 'Paradise Biryani'
2025-06-01 23:03:43 [Swigato Log]: Attempting to load menu item image from: g:\swigato_project\assets\menu_items\menu_default.jpg
2025-06-01 23:03:43 [Swigato Log]: Attempting to load menu item image from: g:\swigato_project\assets\menu_items\menu_default.jpg
2025-06-01 23:03:43 [Swigato Log]: Attempting to load menu item image from: g:\swigato_project\assets\menu_items\menu_default.jpg
2025-06-01 23:03:43 [Swigato Log]: Attempting to load menu item image from: g:\swigato_project\assets\menu_items\menu_1.jpeg
2025-06-01 23:03:43 [Swigato Log]: Attempting to load menu item image from: g:\swigato_project\assets\menu_items\menu_2.jpeg
2025-06-01 23:03:43 [Swigato Log]: Attempting to load menu item image from: g:\swigato_project\assets\menu_items\menu_3.jpeg
2025-06-01 23:03:43 [Swigato Log]: MenuScreen.load_menu_items called for restaurant: Paradise Biryani
2025-06-01 23:03:43 [Swigato Log]: Accessing menu for restaurant: Paradise Biryani (ID: 1)
2025-06-01 23:03:43 [Swigato Log]: MenuItem.get_for_restaurant called for restaurant_id: 1
2025-06-01 23:03:43 [Swigato Log]: Database connection established to g:\swigato_project\data\swigato.db
2025-06-01 23:03:43 [Swigato Log]: Found 6 menu items for restaurant_id: 1
2025-06-01 23:03:43 [Swigato Log]: Restaurant.menu property for 'Paradise Biryani' returning 6 items.
2025-06-01 23:03:43 [Swigato Log]: Retrieved 6 items from restaurant.menu for 'Paradise Biryani'
2025-06-01 23:03:43 [Swigato Log]: Attempting to load menu item image from: g:\swigato_project\assets\menu_items\menu_default.jpg
2025-06-01 23:03:43 [Swigato Log]: Attempting to load menu item image from: g:\swigato_project\assets\menu_items\menu_default.jpg
2025-06-01 23:03:43 [Swigato Log]: Attempting to load menu item image from: g:\swigato_project\assets\menu_items\menu_default.jpg
2025-06-01 23:03:43 [Swigato Log]: Attempting to load menu item image from: g:\swigato_project\assets\menu_items\menu_1.jpeg
2025-06-01 23:03:43 [Swigato Log]: Attempting to load menu item image from: g:\swigato_project\assets\menu_items\menu_2.jpeg
2025-06-01 23:03:43 [Swigato Log]: Attempting to load menu item image from: g:\swigato_project\assets\menu_items\menu_3.jpeg
2025-06-01 23:03:46 [Swigato Log]: MainAppScreen.load_restaurants called
2025-06-01 23:03:46 [Swigato Log]: Database connection established to g:\swigato_project\data\swigato.db
2025-06-01 23:03:46 [Swigato Log]: Loaded 5 restaurants.
2025-06-01 23:03:46 [Swigato Log]: Attempting to load restaurant image from: g:\swigato_project\assets\restaurants\badkul.jpeg
2025-06-01 23:03:46 [Swigato Log]: Attempting to load restaurant image from: g:\swigato_project\assets\restaurants\restaurent_b.jpeg
2025-06-01 23:03:46 [Swigato Log]: Attempting to load restaurant image from: g:\swigato_project\assets\restaurants\restaurent_a.jpeg
2025-06-01 23:03:46 [Swigato Log]: Attempting to load restaurant image from: g:\swigato_project\assets\restaurants\restaurent_c.jpeg
2025-06-01 23:03:46 [Swigato Log]: Attempting to load restaurant image from: g:\swigato_project\assets\restaurants\baluchi-the-great-hall.jpg
2025-06-01 23:05:03 [Swigato Log]: MenuScreen.load_menu_items called for restaurant: Paradise Biryani
2025-06-01 23:05:03 [Swigato Log]: Accessing menu for restaurant: Paradise Biryani (ID: 1)
2025-06-01 23:05:03 [Swigato Log]: MenuItem.get_for_restaurant called for restaurant_id: 1
2025-06-01 23:05:03 [Swigato Log]: Database connection established to g:\swigato_project\data\swigato.db
2025-06-01 23:05:03 [Swigato Log]: Found 6 menu items for restaurant_id: 1
2025-06-01 23:05:03 [Swigato Log]: Restaurant.menu property for 'Paradise Biryani' returning 6 items.
2025-06-01 23:05:03 [Swigato Log]: Retrieved 6 items from restaurant.menu for 'Paradise Biryani'
2025-06-01 23:05:03 [Swigato Log]: Attempting to load menu item image from: g:\swigato_project\assets\menu_items\menu_default.jpg
2025-06-01 23:05:03 [Swigato Log]: Attempting to load menu item image from: g:\swigato_project\assets\menu_items\menu_default.jpg
2025-06-01 23:05:03 [Swigato Log]: Attempting to load menu item image from: g:\swigato_project\assets\menu_items\menu_default.jpg
2025-06-01 23:05:03 [Swigato Log]: Attempting to load menu item image from: g:\swigato_project\assets\menu_items\menu_1.jpeg
2025-06-01 23:05:03 [Swigato Log]: Attempting to load menu item image from: g:\swigato_project\assets\menu_items\menu_2.jpeg
2025-06-01 23:05:03 [Swigato Log]: Attempting to load menu item image from: g:\swigato_project\assets\menu_items\menu_3.jpeg
2025-06-01 23:05:03 [Swigato Log]: MenuScreen.load_menu_items called for restaurant: Paradise Biryani
2025-06-01 23:05:03 [Swigato Log]: Accessing menu for restaurant: Paradise Biryani (ID: 1)
2025-06-01 23:05:03 [Swigato Log]: MenuItem.get_for_restaurant called for restaurant_id: 1
2025-06-01 23:05:03 [Swigato Log]: Database connection established to g:\swigato_project\data\swigato.db
2025-06-01 23:05:03 [Swigato Log]: Found 6 menu items for restaurant_id: 1
2025-06-01 23:05:03 [Swigato Log]: Restaurant.menu property for 'Paradise Biryani' returning 6 items.
2025-06-01 23:05:03 [Swigato Log]: Retrieved 6 items from restaurant.menu for 'Paradise Biryani'
2025-06-01 23:05:03 [Swigato Log]: Attempting to load menu item image from: g:\swigato_project\assets\menu_items\menu_default.jpg
2025-06-01 23:05:03 [Swigato Log]: Attempting to load menu item image from: g:\swigato_project\assets\menu_items\menu_default.jpg
2025-06-01 23:05:03 [Swigato Log]: Attempting to load menu item image from: g:\swigato_project\assets\menu_items\menu_default.jpg
2025-06-01 23:05:03 [Swigato Log]: Attempting to load menu item image from: g:\swigato_project\assets\menu_items\menu_1.jpeg
2025-06-01 23:05:03 [Swigato Log]: Attempting to load menu item image from: g:\swigato_project\assets\menu_items\menu_2.jpeg
2025-06-01 23:05:03 [Swigato Log]: Attempting to load menu item image from: g:\swigato_project\assets\menu_items\menu_3.jpeg
2025-06-01 23:05:10 [Swigato Log]: MainAppScreen.load_restaurants called
2025-06-01 23:05:10 [Swigato Log]: Database connection established to g:\swigato_project\data\swigato.db
2025-06-01 23:05:10 [Swigato Log]: Loaded 5 restaurants.
2025-06-01 23:05:10 [Swigato Log]: Attempting to load restaurant image from: g:\swigato_project\assets\restaurants\badkul.jpeg
2025-06-01 23:05:10 [Swigato Log]: Attempting to load restaurant image from: g:\swigato_project\assets\restaurants\restaurent_b.jpeg
2025-06-01 23:05:10 [Swigato Log]: Attempting to load restaurant image from: g:\swigato_project\assets\restaurants\restaurent_a.jpeg
2025-06-01 23:05:10 [Swigato Log]: Attempting to load restaurant image from: g:\swigato_project\assets\restaurants\restaurent_c.jpeg
2025-06-01 23:05:10 [Swigato Log]: Attempting to load restaurant image from: g:\swigato_project\assets\restaurants\baluchi-the-great-hall.jpg
2025-06-01 23:06:11 [Swigato Log]: Initializing database tables...
2025-06-01 23:06:11 [Swigato Log]: Database connection established to g:\swigato_project\data\swigato.db
2025-06-01 23:06:11 [Swigato Log]: Users table initialized.
2025-06-01 23:06:11 [Swigato Log]: Database connection established to g:\swigato_project\data\swigato.db
2025-06-01 23:06:11 [Swigato Log]: Restaurants table initialized.
2025-06-01 23:06:11 [Swigato Log]: Database connection established to g:\swigato_project\data\swigato.db
2025-06-01 23:06:11 [Swigato Log]: Menu items table initialized.
2025-06-01 23:06:11 [Swigato Log]: Database connection established to g:\swigato_project\data\swigato.db
2025-06-01 23:06:11 [Swigato Log]: Reviews table initialized.
2025-06-01 23:06:11 [Swigato Log]: Database connection established to g:\swigato_project\data\swigato.db
2025-06-01 23:06:11 [Swigato Log]: Orders table initialized.
2025-06-01 23:06:11 [Swigato Log]: Database connection established to g:\swigato_project\data\swigato.db
2025-06-01 23:06:11 [Swigato Log]: Order items table initialized.
2025-06-01 23:06:11 [Swigato Log]: Database initialization complete.
2025-06-01 23:06:11 [Swigato Log]: Database connection established to g:\swigato_project\data\swigato.db
2025-06-01 23:06:11 [Swigato Log]: Admin user already exists. Skipping default admin creation.
2025-06-01 23:06:11 [Swigato Log]: Attempting to populate sample restaurant data...
2025-06-01 23:06:11 [Swigato Log]: Database connection established to g:\swigato_project\data\swigato.db
2025-06-01 23:06:11 [Swigato Log]: Restaurant 'Paradise Biryani' already exists. Checking/adding its menu items.
2025-06-01 23:06:11 [Swigato Log]: Menu item 'Hyderabadi Chicken Biryani' already exists for restaurant ID 1. Skipping.
2025-06-01 23:06:11 [Swigato Log]: Menu item 'Mutton Biryani' already exists for restaurant ID 1. Skipping.
2025-06-01 23:06:11 [Swigato Log]: Menu item 'Veg Biryani' already exists for restaurant ID 1. Skipping.
2025-06-01 23:06:11 [Swigato Log]: Menu item 'Masala Chai' already exists for restaurant ID 1. Skipping.
2025-06-01 23:06:11 [Swigato Log]: Menu item 'Lassi (Sweet)' already exists for restaurant ID 1. Skipping.
2025-06-01 23:06:11 [Swigato Log]: Menu item 'Qubani ka Meetha' already exists for restaurant ID 1. Skipping.
2025-06-01 23:06:11 [Swigato Log]: Restaurant 'Cafe Coffee Day' already exists. Checking/adding its menu items.
2025-06-01 23:06:11 [Swigato Log]: Menu item 'Cold Coffee' already exists for restaurant ID 2. Skipping.
2025-06-01 23:06:11 [Swigato Log]: Menu item 'Cappuccino' already exists for restaurant ID 2. Skipping.
2025-06-01 23:06:11 [Swigato Log]: Menu item 'Cafe Latte' already exists for restaurant ID 2. Skipping.
2025-06-01 23:06:11 [Swigato Log]: Menu item 'Chocolate Brownie' already exists for restaurant ID 2. Skipping.
2025-06-01 23:06:11 [Swigato Log]: Restaurant 'Punjabi Tadka' already exists. Checking/adding its menu items.
2025-06-01 23:06:11 [Swigato Log]: Menu item 'Butter Chicken' already exists for restaurant ID 3. Skipping.
2025-06-01 23:06:11 [Swigato Log]: Menu item 'Dal Makhani' already exists for restaurant ID 3. Skipping.
2025-06-01 23:06:11 [Swigato Log]: Menu item 'Paneer Tikka Masala' already exists for restaurant ID 3. Skipping.
2025-06-01 23:06:11 [Swigato Log]: Menu item 'Gulab Jamun' already exists for restaurant ID 3. Skipping.
2025-06-01 23:06:11 [Swigato Log]: Menu item 'Sweet Lassi' already exists for restaurant ID 3. Skipping.
2025-06-01 23:06:11 [Swigato Log]: Restaurant 'The Great Hall Baluchi' already exists. Checking/adding its menu items.
2025-06-01 23:06:11 [Swigato Log]: Menu item 'Dal Baluchi' already exists for restaurant ID 4. Skipping.
2025-06-01 23:06:11 [Swigato Log]: Menu item 'Subz Biryani' already exists for restaurant ID 4. Skipping.
2025-06-01 23:06:11 [Swigato Log]: Restaurant 'Badkul Restaurant' already exists. Checking/adding its menu items.
2025-06-01 23:06:11 [Swigato Log]: Menu item 'Special Thali' already exists for restaurant ID 5. Skipping.
2025-06-01 23:06:11 [Swigato Log]: Menu item 'Chilli Paneer' already exists for restaurant ID 5. Skipping.
2025-06-01 23:06:11 [Swigato Log]: Sample restaurant data population check complete.
2025-06-01 23:07:08 [Swigato Log]: Database connection established to g:\swigato_project\data\swigato.db
2025-06-01 23:07:08 [Swigato Log]: User 'testuser1' (ID: 3) logged in successfully.
2025-06-01 23:07:08 [Swigato Log]: MainAppScreen.load_restaurants called
2025-06-01 23:07:08 [Swigato Log]: Database connection established to g:\swigato_project\data\swigato.db
2025-06-01 23:07:08 [Swigato Log]: Loaded 5 restaurants.
2025-06-01 23:07:08 [Swigato Log]: Attempting to load restaurant image from: g:\swigato_project\assets\restaurants\badkul.jpeg
2025-06-01 23:07:08 [Swigato Log]: Database connection established to g:\swigato_project\data\swigato.db
2025-06-01 23:07:08 [Swigato Log]: Database connection established to g:\swigato_project\data\swigato.db
2025-06-01 23:07:08 [Swigato Log]: Attempting to load restaurant image from: g:\swigato_project\assets\restaurants\restaurent_b.jpeg
2025-06-01 23:07:08 [Swigato Log]: Database connection established to g:\swigato_project\data\swigato.db
2025-06-01 23:07:08 [Swigato Log]: Database connection established to g:\swigato_project\data\swigato.db
2025-06-01 23:07:08 [Swigato Log]: Attempting to load restaurant image from: g:\swigato_project\assets\restaurants\restaurent_a.jpeg
2025-06-01 23:07:08 [Swigato Log]: Database connection established to g:\swigato_project\data\swigato.db
2025-06-01 23:07:08 [Swigato Log]: Database connection established to g:\swigato_project\data\swigato.db
2025-06-01 23:07:08 [Swigato Log]: Attempting to load restaurant image from: g:\swigato_project\assets\restaurants\restaurent_c.jpeg
2025-06-01 23:07:08 [Swigato Log]: Database connection established to g:\swigato_project\data\swigato.db
2025-06-01 23:07:08 [Swigato Log]: Database connection established to g:\swigato_project\data\swigato.db
2025-06-01 23:07:08 [Swigato Log]: Attempting to load restaurant image from: g:\swigato_project\assets\restaurants\baluchi-the-great-hall.jpg
2025-06-01 23:07:08 [Swigato Log]: Database connection established to g:\swigato_project\data\swigato.db
2025-06-01 23:07:08 [Swigato Log]: Database connection established to g:\swigato_project\data\swigato.db
2025-06-01 23:07:28 [Swigato Log]: MenuScreen.load_menu_items called for restaurant: Badkul Restaurant
2025-06-01 23:07:28 [Swigato Log]: Accessing menu for restaurant: Badkul Restaurant (ID: 5)
2025-06-01 23:07:28 [Swigato Log]: MenuItem.get_for_restaurant called for restaurant_id: 5
2025-06-01 23:07:28 [Swigato Log]: Database connection established to g:\swigato_project\data\swigato.db
2025-06-01 23:07:28 [Swigato Log]: Found 2 menu items for restaurant_id: 5
2025-06-01 23:07:28 [Swigato Log]: Restaurant.menu property for 'Badkul Restaurant' returning 2 items.
2025-06-01 23:07:28 [Swigato Log]: Retrieved 2 items from restaurant.menu for 'Badkul Restaurant'
2025-06-01 23:07:28 [Swigato Log]: Attempting to load menu item image from: g:\swigato_project\assets\menu_items\menu_default.jpg
2025-06-01 23:07:28 [Swigato Log]: Attempting to load menu item image from: g:\swigato_project\assets\menu_items\menu_default.jpg
2025-06-01 23:07:28 [Swigato Log]: MenuScreen.load_menu_items called for restaurant: Badkul Restaurant
2025-06-01 23:07:28 [Swigato Log]: Accessing menu for restaurant: Badkul Restaurant (ID: 5)
2025-06-01 23:07:28 [Swigato Log]: MenuItem.get_for_restaurant called for restaurant_id: 5
2025-06-01 23:07:28 [Swigato Log]: Database connection established to g:\swigato_project\data\swigato.db
2025-06-01 23:07:28 [Swigato Log]: Found 2 menu items for restaurant_id: 5
2025-06-01 23:07:28 [Swigato Log]: Restaurant.menu property for 'Badkul Restaurant' returning 2 items.
2025-06-01 23:07:28 [Swigato Log]: Retrieved 2 items from restaurant.menu for 'Badkul Restaurant'
2025-06-01 23:07:28 [Swigato Log]: Attempting to load menu item image from: g:\swigato_project\assets\menu_items\menu_default.jpg
2025-06-01 23:07:28 [Swigato Log]: Attempting to load menu item image from: g:\swigato_project\assets\menu_items\menu_default.jpg
2025-06-01 23:07:40 [Swigato Log]: Added 1 of Special Thali to cart.
2025-06-01 23:07:41 [Swigato Log]: Added 1 of Chilli Paneer to cart.
2025-06-01 23:08:05 [Swigato Log]: MainAppScreen.load_restaurants called
2025-06-01 23:08:05 [Swigato Log]: Database connection established to g:\swigato_project\data\swigato.db
2025-06-01 23:08:05 [Swigato Log]: Loaded 5 restaurants.
2025-06-01 23:08:05 [Swigato Log]: Attempting to load restaurant image from: g:\swigato_project\assets\restaurants\badkul.jpeg
2025-06-01 23:08:05 [Swigato Log]: Database connection established to g:\swigato_project\data\swigato.db
2025-06-01 23:08:05 [Swigato Log]: Database connection established to g:\swigato_project\data\swigato.db
2025-06-01 23:08:05 [Swigato Log]: Attempting to load restaurant image from: g:\swigato_project\assets\restaurants\restaurent_b.jpeg
2025-06-01 23:08:05 [Swigato Log]: Database connection established to g:\swigato_project\data\swigato.db
2025-06-01 23:08:05 [Swigato Log]: Database connection established to g:\swigato_project\data\swigato.db
2025-06-01 23:08:05 [Swigato Log]: Attempting to load restaurant image from: g:\swigato_project\assets\restaurants\restaurent_a.jpeg
2025-06-01 23:08:05 [Swigato Log]: Database connection established to g:\swigato_project\data\swigato.db
2025-06-01 23:08:05 [Swigato Log]: Database connection established to g:\swigato_project\data\swigato.db
2025-06-01 23:08:05 [Swigato Log]: Attempting to load restaurant image from: g:\swigato_project\assets\restaurants\restaurent_c.jpeg
2025-06-01 23:08:05 [Swigato Log]: Database connection established to g:\swigato_project\data\swigato.db
2025-06-01 23:08:05 [Swigato Log]: Database connection established to g:\swigato_project\data\swigato.db
2025-06-01 23:08:06 [Swigato Log]: Attempting to load restaurant image from: g:\swigato_project\assets\restaurants\baluchi-the-great-hall.jpg
2025-06-01 23:08:06 [Swigato Log]: Database connection established to g:\swigato_project\data\swigato.db
2025-06-01 23:08:06 [Swigato Log]: Database connection established to g:\swigato_project\data\swigato.db
